{"/Users/gabriel/Desktop/Gabi/Tailor/VTI/src/constants/env.constants.ts": {"path":"/Users/gabriel/Desktop/Gabi/Tailor/VTI/src/constants/env.constants.ts","statementMap":{"0":{"start":{"line":1,"column":13},"end":{"line":1,"column":45}},"1":{"start":{"line":3,"column":13},"end":{"line":6,"column":73}},"2":{"start":{"line":8,"column":13},"end":{"line":11,"column":62}}},"fnMap":{},"branchMap":{"0":{"loc":{"start":{"line":1,"column":20},"end":{"line":1,"column":36}},"type":"binary-expr","locations":[{"start":{"line":1,"column":20},"end":{"line":1,"column":36}},{"start":{"line":1,"column":40},"end":{"line":1,"column":44}}]},"1":{"loc":{"start":{"line":4,"column":2},"end":{"line":6,"column":32}},"type":"binary-expr","locations":[{"start":{"line":4,"column":2},"end":{"line":6,"column":32}},{"start":{"line":6,"column":37},"end":{"line":6,"column":72}}]},"2":{"loc":{"start":{"line":5,"column":4},"end":{"line":5,"column":31}},"type":"cond-expr","locations":[{"start":{"line":5,"column":4},"end":{"line":5,"column":31}},{"start":{"line":6,"column":4},"end":{"line":6,"column":32}}]},"3":{"loc":{"start":{"line":9,"column":2},"end":{"line":11,"column":32}},"type":"binary-expr","locations":[{"start":{"line":9,"column":2},"end":{"line":11,"column":32}},{"start":{"line":11,"column":37},"end":{"line":11,"column":61}}]},"4":{"loc":{"start":{"line":10,"column":4},"end":{"line":10,"column":31}},"type":"cond-expr","locations":[{"start":{"line":10,"column":4},"end":{"line":10,"column":31}},{"start":{"line":11,"column":4},"end":{"line":11,"column":32}}]}},"s":{"0":2,"1":2,"2":2},"f":{},"b":{"0":[2,2],"1":[2,2],"2":[0,2],"3":[2,2],"4":[0,2]}}
,"/Users/gabriel/Desktop/Gabi/Tailor/VTI/src/constants/error_messages.constants.ts": {"path":"/Users/gabriel/Desktop/Gabi/Tailor/VTI/src/constants/error_messages.constants.ts","statementMap":{"0":{"start":{"line":1,"column":13},"end":{"line":1,"column":49}},"1":{"start":{"line":2,"column":13},"end":{"line":2,"column":45}},"2":{"start":{"line":3,"column":13},"end":{"line":3,"column":45}},"3":{"start":{"line":4,"column":13},"end":{"line":5,"column":77}},"4":{"start":{"line":6,"column":13},"end":{"line":6,"column":43}},"5":{"start":{"line":7,"column":13},"end":{"line":7,"column":49}},"6":{"start":{"line":8,"column":13},"end":{"line":8,"column":74}},"7":{"start":{"line":9,"column":13},"end":{"line":9,"column":42}},"8":{"start":{"line":10,"column":13},"end":{"line":10,"column":42}}},"fnMap":{},"branchMap":{},"s":{"0":0,"1":0,"2":0,"3":0,"4":0,"5":0,"6":0,"7":0,"8":0},"f":{},"b":{}}
,"/Users/gabriel/Desktop/Gabi/Tailor/VTI/src/constants/formats.ts": {"path":"/Users/gabriel/Desktop/Gabi/Tailor/VTI/src/constants/formats.ts","statementMap":{"0":{"start":{"line":1,"column":13},"end":{"line":1,"column":37}}},"fnMap":{},"branchMap":{},"s":{"0":0},"f":{},"b":{}}
,"/Users/gabriel/Desktop/Gabi/Tailor/VTI/src/constants/model.constants.ts": {"path":"/Users/gabriel/Desktop/Gabi/Tailor/VTI/src/constants/model.constants.ts","statementMap":{"0":{"start":{"line":1,"column":13},"end":{"line":1,"column":38}},"1":{"start":{"line":3,"column":13},"end":{"line":7,"column":2}}},"fnMap":{},"branchMap":{},"s":{"0":2,"1":2},"f":{},"b":{}}
,"/Users/gabriel/Desktop/Gabi/Tailor/VTI/src/constants/routes.constants.ts": {"path":"/Users/gabriel/Desktop/Gabi/Tailor/VTI/src/constants/routes.constants.ts","statementMap":{"0":{"start":{"line":1,"column":13},"end":{"line":1,"column":37}},"1":{"start":{"line":2,"column":13},"end":{"line":2,"column":35}},"2":{"start":{"line":3,"column":13},"end":{"line":3,"column":46}},"3":{"start":{"line":4,"column":13},"end":{"line":4,"column":41}},"4":{"start":{"line":5,"column":13},"end":{"line":5,"column":39}}},"fnMap":{},"branchMap":{},"s":{"0":0,"1":0,"2":0,"3":0,"4":0},"f":{},"b":{}}
,"/Users/gabriel/Desktop/Gabi/Tailor/VTI/src/controllers/crud.controller.ts": {"path":"/Users/gabriel/Desktop/Gabi/Tailor/VTI/src/controllers/crud.controller.ts","statementMap":{"0":{"start":{"line":4,"column":0},"end":{"line":4,"column":75}},"1":{"start":{"line":5,"column":0},"end":{"line":5,"column":59}},"2":{"start":{"line":9,"column":1},"end":{"line":19,"column":2}},"3":{"start":{"line":10,"column":1},"end":{"line":19,"column":2}},"4":{"start":{"line":11,"column":2},"end":{"line":18,"column":null}},"5":{"start":{"line":12,"column":22},"end":{"line":12,"column":46}},"6":{"start":{"line":13,"column":18},"end":{"line":13,"column":49}},"7":{"start":{"line":14,"column":3},"end":{"line":14,"column":32}},"8":{"start":{"line":16,"column":3},"end":{"line":16,"column":58}},"9":{"start":{"line":17,"column":3},"end":{"line":17,"column":13}},"10":{"start":{"line":8,"column":13},"end":{"line":8,"column":null}},"11":{"start":{"line":22,"column":1},"end":{"line":35,"column":2}},"12":{"start":{"line":26,"column":1},"end":{"line":35,"column":2}},"13":{"start":{"line":27,"column":2},"end":{"line":34,"column":null}},"14":{"start":{"line":28,"column":20},"end":{"line":28,"column":23}},"15":{"start":{"line":29,"column":3},"end":{"line":29,"column":39}},"16":{"start":{"line":30,"column":3},"end":{"line":30,"column":23}},"17":{"start":{"line":32,"column":3},"end":{"line":32,"column":58}},"18":{"start":{"line":33,"column":3},"end":{"line":33,"column":13}},"19":{"start":{"line":21,"column":13},"end":{"line":21,"column":null}},"20":{"start":{"line":38,"column":1},"end":{"line":47,"column":2}},"21":{"start":{"line":39,"column":1},"end":{"line":47,"column":2}},"22":{"start":{"line":40,"column":2},"end":{"line":46,"column":null}},"23":{"start":{"line":41,"column":22},"end":{"line":41,"column":46}},"24":{"start":{"line":42,"column":18},"end":{"line":42,"column":58}},"25":{"start":{"line":43,"column":3},"end":{"line":43,"column":20}},"26":{"start":{"line":45,"column":3},"end":{"line":45,"column":13}},"27":{"start":{"line":37,"column":13},"end":{"line":37,"column":null}}},"fnMap":{"0":{"name":"(anonymous_0)","decl":{"start":{"line":9,"column":1},"end":{"line":9,"column":5}},"loc":{"start":{"line":10,"column":1},"end":{"line":19,"column":2}}},"1":{"name":"(anonymous_1)","decl":{"start":{"line":10,"column":1},"end":{"line":10,"column":6}},"loc":{"start":{"line":10,"column":74},"end":{"line":19,"column":2}}},"2":{"name":"(anonymous_2)","decl":{"start":{"line":22,"column":1},"end":{"line":22,"column":null}},"loc":{"start":{"line":26,"column":1},"end":{"line":35,"column":2}}},"3":{"name":"(anonymous_3)","decl":{"start":{"line":26,"column":1},"end":{"line":26,"column":6}},"loc":{"start":{"line":26,"column":74},"end":{"line":35,"column":2}}},"4":{"name":"(anonymous_4)","decl":{"start":{"line":38,"column":1},"end":{"line":38,"column":2}},"loc":{"start":{"line":39,"column":1},"end":{"line":47,"column":2}}},"5":{"name":"(anonymous_5)","decl":{"start":{"line":39,"column":1},"end":{"line":39,"column":6}},"loc":{"start":{"line":39,"column":74},"end":{"line":47,"column":2}}}},"branchMap":{},"s":{"0":0,"1":0,"2":0,"3":0,"4":0,"5":0,"6":0,"7":0,"8":0,"9":0,"10":0,"11":0,"12":0,"13":0,"14":0,"15":0,"16":0,"17":0,"18":0,"19":0,"20":0,"21":0,"22":0,"23":0,"24":0,"25":0,"26":0,"27":0},"f":{"0":0,"1":0,"2":0,"3":0,"4":0,"5":0},"b":{}}
,"/Users/gabriel/Desktop/Gabi/Tailor/VTI/src/controllers/health.controller.ts": {"path":"/Users/gabriel/Desktop/Gabi/Tailor/VTI/src/controllers/health.controller.ts","statementMap":{"0":{"start":{"line":1,"column":0},"end":{"line":1,"column":51}},"1":{"start":{"line":3,"column":0},"end":{"line":3,"column":38}},"2":{"start":{"line":4,"column":0},"end":{"line":4,"column":34}},"3":{"start":{"line":5,"column":0},"end":{"line":5,"column":32}},"4":{"start":{"line":7,"column":14},"end":{"line":7,"column":71}},"5":{"start":{"line":10,"column":28},"end":{"line":18,"column":1}},"6":{"start":{"line":11,"column":1},"end":{"line":17,"column":4}},"7":{"start":{"line":10,"column":13},"end":{"line":10,"column":28}}},"fnMap":{"0":{"name":"(anonymous_0)","decl":{"start":{"line":10,"column":28},"end":{"line":10,"column":29}},"loc":{"start":{"line":10,"column":61},"end":{"line":18,"column":1}}}},"branchMap":{},"s":{"0":0,"1":0,"2":0,"3":0,"4":0,"5":0,"6":0,"7":0},"f":{"0":0},"b":{}}
,"/Users/gabriel/Desktop/Gabi/Tailor/VTI/src/controllers/test.controller.ts": {"path":"/Users/gabriel/Desktop/Gabi/Tailor/VTI/src/controllers/test.controller.ts","statementMap":{"0":{"start":{"line":2,"column":0},"end":{"line":2,"column":69}},"1":{"start":{"line":3,"column":0},"end":{"line":3,"column":63}},"2":{"start":{"line":5,"column":32},"end":{"line":17,"column":1}},"3":{"start":{"line":10,"column":1},"end":{"line":16,"column":null}},"4":{"start":{"line":11,"column":36},"end":{"line":11,"column":45}},"5":{"start":{"line":12,"column":17},"end":{"line":12,"column":82}},"6":{"start":{"line":13,"column":2},"end":{"line":13,"column":19}},"7":{"start":{"line":15,"column":2},"end":{"line":15,"column":12}},"8":{"start":{"line":5,"column":13},"end":{"line":5,"column":32}},"9":{"start":{"line":19,"column":37},"end":{"line":30,"column":1}},"10":{"start":{"line":24,"column":1},"end":{"line":29,"column":null}},"11":{"start":{"line":25,"column":17},"end":{"line":25,"column":52}},"12":{"start":{"line":26,"column":2},"end":{"line":26,"column":19}},"13":{"start":{"line":28,"column":2},"end":{"line":28,"column":12}},"14":{"start":{"line":19,"column":13},"end":{"line":19,"column":37}}},"fnMap":{"0":{"name":"(anonymous_0)","decl":{"start":{"line":5,"column":32},"end":{"line":5,"column":37}},"loc":{"start":{"line":9,"column":19},"end":{"line":17,"column":1}}},"1":{"name":"(anonymous_1)","decl":{"start":{"line":19,"column":37},"end":{"line":19,"column":42}},"loc":{"start":{"line":23,"column":19},"end":{"line":30,"column":1}}}},"branchMap":{"0":{"loc":{"start":{"line":11,"column":19},"end":{"line":11,"column":20}},"type":"default-arg","locations":[{"start":{"line":11,"column":19},"end":{"line":11,"column":20}}]},"1":{"loc":{"start":{"line":11,"column":30},"end":{"line":11,"column":31}},"type":"default-arg","locations":[{"start":{"line":11,"column":30},"end":{"line":11,"column":31}}]}},"s":{"0":0,"1":0,"2":0,"3":0,"4":0,"5":0,"6":0,"7":0,"8":0,"9":0,"10":0,"11":0,"12":0,"13":0,"14":0},"f":{"0":0,"1":0},"b":{"0":[0],"1":[0]}}
,"/Users/gabriel/Desktop/Gabi/Tailor/VTI/src/enums/index.ts": {"path":"/Users/gabriel/Desktop/Gabi/Tailor/VTI/src/enums/index.ts","statementMap":{"0":{"start":{"line":1,"column":0},"end":{"line":1,"column":9}},"1":{"start":{"line":1,"column":9},"end":{"line":1,"column":45}}},"fnMap":{"0":{"name":"(anonymous_0)","decl":{"start":{"line":1,"column":9},"end":{"line":1,"column":19}},"loc":{"start":{"line":1,"column":9},"end":{"line":1,"column":45}}}},"branchMap":{},"s":{"0":0,"1":0},"f":{"0":0},"b":{}}
,"/Users/gabriel/Desktop/Gabi/Tailor/VTI/src/enums/mongoose.enum.ts": {"path":"/Users/gabriel/Desktop/Gabi/Tailor/VTI/src/enums/mongoose.enum.ts","statementMap":{"0":{"start":{"line":1,"column":0},"end":{"line":1,"column":null}},"1":{"start":{"line":2,"column":1},"end":{"line":2,"column":null}},"2":{"start":{"line":3,"column":1},"end":{"line":3,"column":null}},"3":{"start":{"line":4,"column":1},"end":{"line":4,"column":null}},"4":{"start":{"line":5,"column":1},"end":{"line":5,"column":null}}},"fnMap":{"0":{"name":"(anonymous_0)","decl":{"start":{"line":1,"column":0},"end":{"line":1,"column":12}},"loc":{"start":{"line":1,"column":22},"end":{"line":6,"column":1}}}},"branchMap":{"0":{"loc":{"start":{"line":1,"column":12},"end":{"line":1,"column":22}},"type":"binary-expr","locations":[{"start":{"line":1,"column":12},"end":{"line":1,"column":22}},{"start":{"line":1,"column":12},"end":{"line":1,"column":null}}]}},"s":{"0":0,"1":0,"2":0,"3":0,"4":0},"f":{"0":0},"b":{"0":[0,0]}}
,"/Users/gabriel/Desktop/Gabi/Tailor/VTI/src/errors/authorization.error.ts": {"path":"/Users/gabriel/Desktop/Gabi/Tailor/VTI/src/errors/authorization.error.ts","statementMap":{"0":{"start":{"line":1,"column":0},"end":{"line":1,"column":68}},"1":{"start":{"line":2,"column":0},"end":{"line":2,"column":41}},"2":{"start":{"line":6,"column":2},"end":{"line":6,"column":39}},"3":{"start":{"line":4,"column":0},"end":{"line":4,"column":13}}},"fnMap":{"0":{"name":"(anonymous_0)","decl":{"start":{"line":5,"column":1},"end":{"line":5,"column":13}},"loc":{"start":{"line":5,"column":29},"end":{"line":7,"column":2}}}},"branchMap":{"0":{"loc":{"start":{"line":6,"column":8},"end":{"line":6,"column":15}},"type":"binary-expr","locations":[{"start":{"line":6,"column":8},"end":{"line":6,"column":15}},{"start":{"line":6,"column":19},"end":{"line":6,"column":32}}]}},"s":{"0":0,"1":0,"2":0,"3":0},"f":{"0":0},"b":{"0":[0,0]}}
,"/Users/gabriel/Desktop/Gabi/Tailor/VTI/src/errors/base.error.ts": {"path":"/Users/gabriel/Desktop/Gabi/Tailor/VTI/src/errors/base.error.ts","statementMap":{"0":{"start":{"line":1,"column":0},"end":{"line":1,"column":36}},"1":{"start":{"line":7,"column":2},"end":{"line":7,"column":10}},"2":{"start":{"line":9,"column":2},"end":{"line":9,"column":50}},"3":{"start":{"line":11,"column":2},"end":{"line":11,"column":36}},"4":{"start":{"line":13,"column":2},"end":{"line":13,"column":30}},"5":{"start":{"line":14,"column":2},"end":{"line":14,"column":66}},"6":{"start":{"line":15,"column":2},"end":{"line":15,"column":19}},"7":{"start":{"line":3,"column":0},"end":{"line":3,"column":13}}},"fnMap":{"0":{"name":"(anonymous_0)","decl":{"start":{"line":6,"column":1},"end":{"line":6,"column":13}},"loc":{"start":{"line":6,"column":61},"end":{"line":16,"column":2}}}},"branchMap":{"0":{"loc":{"start":{"line":13,"column":16},"end":{"line":13,"column":22}},"type":"binary-expr","locations":[{"start":{"line":13,"column":16},"end":{"line":13,"column":22}},{"start":{"line":13,"column":26},"end":{"line":13,"column":29}}]},"1":{"loc":{"start":{"line":14,"column":17},"end":{"line":14,"column":24}},"type":"binary-expr","locations":[{"start":{"line":14,"column":17},"end":{"line":14,"column":24}},{"start":{"line":14,"column":29},"end":{"line":14,"column":65}}]}},"s":{"0":1,"1":4,"2":4,"3":4,"4":4,"5":4,"6":4,"7":1},"f":{"0":4},"b":{"0":[4,3],"1":[4,3]}}
,"/Users/gabriel/Desktop/Gabi/Tailor/VTI/src/errors/data.error.ts": {"path":"/Users/gabriel/Desktop/Gabi/Tailor/VTI/src/errors/data.error.ts","statementMap":{"0":{"start":{"line":1,"column":0},"end":{"line":1,"column":65}},"1":{"start":{"line":2,"column":0},"end":{"line":2,"column":41}},"2":{"start":{"line":6,"column":2},"end":{"line":6,"column":36}},"3":{"start":{"line":4,"column":0},"end":{"line":4,"column":13}}},"fnMap":{"0":{"name":"(anonymous_0)","decl":{"start":{"line":5,"column":1},"end":{"line":5,"column":13}},"loc":{"start":{"line":5,"column":29},"end":{"line":7,"column":2}}}},"branchMap":{"0":{"loc":{"start":{"line":6,"column":8},"end":{"line":6,"column":15}},"type":"binary-expr","locations":[{"start":{"line":6,"column":8},"end":{"line":6,"column":15}},{"start":{"line":6,"column":19},"end":{"line":6,"column":29}}]}},"s":{"0":0,"1":0,"2":0,"3":0},"f":{"0":0},"b":{"0":[0,0]}}
,"/Users/gabriel/Desktop/Gabi/Tailor/VTI/src/errors/file.error.ts": {"path":"/Users/gabriel/Desktop/Gabi/Tailor/VTI/src/errors/file.error.ts","statementMap":{"0":{"start":{"line":1,"column":0},"end":{"line":1,"column":63}},"1":{"start":{"line":2,"column":0},"end":{"line":2,"column":41}},"2":{"start":{"line":6,"column":2},"end":{"line":6,"column":34}},"3":{"start":{"line":4,"column":0},"end":{"line":4,"column":13}}},"fnMap":{"0":{"name":"(anonymous_0)","decl":{"start":{"line":5,"column":1},"end":{"line":5,"column":13}},"loc":{"start":{"line":5,"column":29},"end":{"line":7,"column":2}}}},"branchMap":{"0":{"loc":{"start":{"line":6,"column":8},"end":{"line":6,"column":15}},"type":"binary-expr","locations":[{"start":{"line":6,"column":8},"end":{"line":6,"column":15}},{"start":{"line":6,"column":19},"end":{"line":6,"column":27}}]}},"s":{"0":0,"1":0,"2":0,"3":0},"f":{"0":0},"b":{"0":[0,0]}}
,"/Users/gabriel/Desktop/Gabi/Tailor/VTI/src/errors/not_found.error.ts": {"path":"/Users/gabriel/Desktop/Gabi/Tailor/VTI/src/errors/not_found.error.ts","statementMap":{"0":{"start":{"line":1,"column":0},"end":{"line":1,"column":41}},"1":{"start":{"line":5,"column":2},"end":{"line":5,"column":37}},"2":{"start":{"line":3,"column":0},"end":{"line":3,"column":13}}},"fnMap":{"0":{"name":"(anonymous_0)","decl":{"start":{"line":4,"column":1},"end":{"line":4,"column":13}},"loc":{"start":{"line":4,"column":29},"end":{"line":6,"column":2}}}},"branchMap":{"0":{"loc":{"start":{"line":5,"column":8},"end":{"line":5,"column":15}},"type":"binary-expr","locations":[{"start":{"line":5,"column":8},"end":{"line":5,"column":15}},{"start":{"line":5,"column":19},"end":{"line":5,"column":30}}]}},"s":{"0":0,"1":0,"2":0},"f":{"0":0},"b":{"0":[0,0]}}
,"/Users/gabriel/Desktop/Gabi/Tailor/VTI/src/errors/send_code.error.ts": {"path":"/Users/gabriel/Desktop/Gabi/Tailor/VTI/src/errors/send_code.error.ts","statementMap":{"0":{"start":{"line":1,"column":0},"end":{"line":1,"column":41}},"1":{"start":{"line":5,"column":2},"end":{"line":5,"column":28}},"2":{"start":{"line":3,"column":0},"end":{"line":3,"column":13}}},"fnMap":{"0":{"name":"(anonymous_0)","decl":{"start":{"line":4,"column":1},"end":{"line":4,"column":13}},"loc":{"start":{"line":4,"column":44},"end":{"line":6,"column":2}}}},"branchMap":{},"s":{"0":0,"1":0,"2":0},"f":{"0":0},"b":{}}
,"/Users/gabriel/Desktop/Gabi/Tailor/VTI/src/interfaces/models.interface.ts": {"path":"/Users/gabriel/Desktop/Gabi/Tailor/VTI/src/interfaces/models.interface.ts","statementMap":{"0":{"start":{"line":24,"column":13},"end":{"line":24,"column":64}}},"fnMap":{},"branchMap":{},"s":{"0":0},"f":{},"b":{}}
,"/Users/gabriel/Desktop/Gabi/Tailor/VTI/src/loaders/cache.loader.ts": {"path":"/Users/gabriel/Desktop/Gabi/Tailor/VTI/src/loaders/cache.loader.ts","statementMap":{"0":{"start":{"line":1,"column":0},"end":{"line":1,"column":35}},"1":{"start":{"line":11,"column":2},"end":{"line":15,"column":5}},"2":{"start":{"line":19,"column":2},"end":{"line":21,"column":null}},"3":{"start":{"line":20,"column":3},"end":{"line":20,"column":45}},"4":{"start":{"line":22,"column":2},"end":{"line":22,"column":30}},"5":{"start":{"line":26,"column":2},"end":{"line":26,"column":32}},"6":{"start":{"line":30,"column":2},"end":{"line":30,"column":29}},"7":{"start":{"line":34,"column":0},"end":{"line":34,"column":40}}},"fnMap":{"0":{"name":"(anonymous_0)","decl":{"start":{"line":10,"column":1},"end":{"line":10,"column":21}},"loc":{"start":{"line":10,"column":39},"end":{"line":16,"column":2}}},"1":{"name":"(anonymous_1)","decl":{"start":{"line":18,"column":8},"end":{"line":18,"column":14}},"loc":{"start":{"line":18,"column":26},"end":{"line":23,"column":2}}},"2":{"name":"(anonymous_2)","decl":{"start":{"line":25,"column":8},"end":{"line":25,"column":11}},"loc":{"start":{"line":25,"column":23},"end":{"line":27,"column":2}}},"3":{"name":"(anonymous_3)","decl":{"start":{"line":29,"column":8},"end":{"line":29,"column":11}},"loc":{"start":{"line":29,"column":33},"end":{"line":31,"column":2}}}},"branchMap":{"0":{"loc":{"start":{"line":19,"column":2},"end":{"line":21,"column":null}},"type":"if","locations":[{"start":{"line":19,"column":2},"end":{"line":21,"column":null}},{"start":{"line":19,"column":2},"end":{"line":21,"column":null}}]}},"s":{"0":0,"1":0,"2":0,"3":0,"4":0,"5":0,"6":0,"7":0},"f":{"0":0,"1":0,"2":0,"3":0},"b":{"0":[0,0]}}
,"/Users/gabriel/Desktop/Gabi/Tailor/VTI/src/loaders/db.loader.ts": {"path":"/Users/gabriel/Desktop/Gabi/Tailor/VTI/src/loaders/db.loader.ts","statementMap":{"0":{"start":{"line":1,"column":0},"end":{"line":1,"column":32}},"1":{"start":{"line":2,"column":0},"end":{"line":2,"column":58}},"2":{"start":{"line":3,"column":0},"end":{"line":3,"column":55}},"3":{"start":{"line":7,"column":16},"end":{"line":16,"column":2}},"4":{"start":{"line":24,"column":2},"end":{"line":26,"column":null}},"5":{"start":{"line":25,"column":3},"end":{"line":25,"column":53}},"6":{"start":{"line":27,"column":2},"end":{"line":27,"column":35}},"7":{"start":{"line":31,"column":2},"end":{"line":61,"column":null}},"8":{"start":{"line":32,"column":3},"end":{"line":40,"column":null}},"9":{"start":{"line":33,"column":4},"end":{"line":33,"column":52}},"10":{"start":{"line":34,"column":4},"end":{"line":34,"column":48}},"11":{"start":{"line":35,"column":21},"end":{"line":35,"column":53}},"12":{"start":{"line":36,"column":4},"end":{"line":36,"column":46}},"13":{"start":{"line":38,"column":4},"end":{"line":38,"column":59}},"14":{"start":{"line":39,"column":4},"end":{"line":39,"column":49}},"15":{"start":{"line":42,"column":3},"end":{"line":44,"column":6}},"16":{"start":{"line":43,"column":4},"end":{"line":43,"column":36}},"17":{"start":{"line":46,"column":3},"end":{"line":48,"column":6}},"18":{"start":{"line":47,"column":4},"end":{"line":47,"column":40}},"19":{"start":{"line":50,"column":3},"end":{"line":57,"column":6}},"20":{"start":{"line":51,"column":4},"end":{"line":51,"column":43}},"21":{"start":{"line":52,"column":4},"end":{"line":56,"column":null}},"22":{"start":{"line":53,"column":5},"end":{"line":55,"column":14}},"23":{"start":{"line":54,"column":6},"end":{"line":54,"column":65}},"24":{"start":{"line":59,"column":3},"end":{"line":59,"column":35}},"25":{"start":{"line":60,"column":3},"end":{"line":60,"column":13}},"26":{"start":{"line":65,"column":2},"end":{"line":73,"column":null}},"27":{"start":{"line":66,"column":3},"end":{"line":66,"column":31}},"28":{"start":{"line":67,"column":3},"end":{"line":69,"column":null}},"29":{"start":{"line":68,"column":4},"end":{"line":68,"column":36}},"30":{"start":{"line":71,"column":3},"end":{"line":71,"column":35}},"31":{"start":{"line":72,"column":3},"end":{"line":72,"column":13}},"32":{"start":{"line":77,"column":0},"end":{"line":77,"column":45}}},"fnMap":{"0":{"name":"(anonymous_0)","decl":{"start":{"line":23,"column":1},"end":{"line":23,"column":7}},"loc":{"start":{"line":23,"column":19},"end":{"line":28,"column":2}}},"1":{"name":"(anonymous_1)","decl":{"start":{"line":30,"column":8},"end":{"line":30,"column":13}},"loc":{"start":{"line":30,"column":18},"end":{"line":62,"column":2}}},"2":{"name":"(anonymous_2)","decl":{"start":{"line":42,"column":39},"end":{"line":42,"column":42}},"loc":{"start":{"line":42,"column":44},"end":{"line":44,"column":4}}},"3":{"name":"(anonymous_3)","decl":{"start":{"line":46,"column":42},"end":{"line":46,"column":45}},"loc":{"start":{"line":46,"column":47},"end":{"line":48,"column":4}}},"4":{"name":"(anonymous_4)","decl":{"start":{"line":50,"column":35},"end":{"line":50,"column":36}},"loc":{"start":{"line":50,"column":43},"end":{"line":57,"column":4}}},"5":{"name":"(anonymous_5)","decl":{"start":{"line":53,"column":16},"end":{"line":53,"column":null}},"loc":{"start":{"line":53,"column":16},"end":{"line":55,"column":6}}},"6":{"name":"(anonymous_6)","decl":{"start":{"line":64,"column":8},"end":{"line":64,"column":13}},"loc":{"start":{"line":64,"column":19},"end":{"line":74,"column":2}}}},"branchMap":{"0":{"loc":{"start":{"line":24,"column":2},"end":{"line":26,"column":null}},"type":"if","locations":[{"start":{"line":24,"column":2},"end":{"line":26,"column":null}},{"start":{"line":24,"column":2},"end":{"line":26,"column":null}}]},"1":{"loc":{"start":{"line":32,"column":3},"end":{"line":40,"column":null}},"type":"if","locations":[{"start":{"line":32,"column":3},"end":{"line":40,"column":null}},{"start":{"line":32,"column":3},"end":{"line":40,"column":null}}]},"2":{"loc":{"start":{"line":52,"column":4},"end":{"line":56,"column":null}},"type":"if","locations":[{"start":{"line":52,"column":4},"end":{"line":56,"column":null}},{"start":{"line":52,"column":4},"end":{"line":56,"column":null}}]},"3":{"loc":{"start":{"line":67,"column":3},"end":{"line":69,"column":null}},"type":"if","locations":[{"start":{"line":67,"column":3},"end":{"line":69,"column":null}},{"start":{"line":67,"column":3},"end":{"line":69,"column":null}}]},"4":{"loc":{"start":{"line":68,"column":27},"end":{"line":68,"column":29}},"type":"cond-expr","locations":[{"start":{"line":68,"column":27},"end":{"line":68,"column":29}},{"start":{"line":68,"column":27},"end":{"line":68,"column":35}}]},"5":{"loc":{"start":{"line":68,"column":10},"end":{"line":68,"column":29}},"type":"binary-expr","locations":[{"start":{"line":68,"column":10},"end":{"line":68,"column":29}},{"start":{"line":68,"column":27},"end":{"line":68,"column":29}}]}},"s":{"0":2,"1":2,"2":2,"3":2,"4":2,"5":2,"6":2,"7":2,"8":2,"9":0,"10":0,"11":0,"12":0,"13":2,"14":2,"15":2,"16":0,"17":2,"18":2,"19":2,"20":0,"21":0,"22":0,"23":0,"24":0,"25":0,"26":2,"27":2,"28":2,"29":0,"30":0,"31":0,"32":2},"f":{"0":2,"1":2,"2":0,"3":2,"4":0,"5":0,"6":2},"b":{"0":[2,0],"1":[0,2],"2":[0,0],"3":[0,2],"4":[0,0],"5":[0,0]}}
,"/Users/gabriel/Desktop/Gabi/Tailor/VTI/src/loaders/error.ts": {"path":"/Users/gabriel/Desktop/Gabi/Tailor/VTI/src/loaders/error.ts","statementMap":{"0":{"start":{"line":1,"column":0},"end":{"line":1,"column":48}},"1":{"start":{"line":3,"column":16},"end":{"line":18,"column":1}},"2":{"start":{"line":4,"column":1},"end":{"line":4,"column":45}},"3":{"start":{"line":4,"column":33},"end":{"line":4,"column":45}},"4":{"start":{"line":5,"column":14},"end":{"line":5,"column":72}},"5":{"start":{"line":6,"column":1},"end":{"line":17,"column":null}},"6":{"start":{"line":8,"column":3},"end":{"line":8,"column":57}},"7":{"start":{"line":9,"column":3},"end":{"line":9,"column":19}},"8":{"start":{"line":10,"column":3},"end":{"line":10,"column":9}},"9":{"start":{"line":12,"column":3},"end":{"line":12,"column":46}},"10":{"start":{"line":13,"column":3},"end":{"line":13,"column":19}},"11":{"start":{"line":14,"column":3},"end":{"line":14,"column":9}},"12":{"start":{"line":16,"column":3},"end":{"line":16,"column":15}},"13":{"start":{"line":20,"column":9},"end":{"line":20,"column":16}}},"fnMap":{"0":{"name":"(anonymous_0)","decl":{"start":{"line":3,"column":16},"end":{"line":3,"column":17}},"loc":{"start":{"line":3,"column":55},"end":{"line":18,"column":1}}}},"branchMap":{"0":{"loc":{"start":{"line":4,"column":1},"end":{"line":4,"column":45}},"type":"if","locations":[{"start":{"line":4,"column":1},"end":{"line":4,"column":45}},{"start":{"line":4,"column":1},"end":{"line":4,"column":45}}]},"1":{"loc":{"start":{"line":5,"column":41},"end":{"line":5,"column":55}},"type":"cond-expr","locations":[{"start":{"line":5,"column":41},"end":{"line":5,"column":55}},{"start":{"line":5,"column":58},"end":{"line":5,"column":72}}]},"2":{"loc":{"start":{"line":7,"column":2},"end":{"line":10,"column":9}},"type":"switch","locations":[{"start":{"line":7,"column":2},"end":{"line":10,"column":9}},{"start":{"line":11,"column":2},"end":{"line":14,"column":9}},{"start":{"line":15,"column":2},"end":{"line":16,"column":15}}]}},"s":{"0":0,"1":0,"2":0,"3":0,"4":0,"5":0,"6":0,"7":0,"8":0,"9":0,"10":0,"11":0,"12":0,"13":0},"f":{"0":0},"b":{"0":[0,0],"1":[0,0],"2":[0,0,0]}}
,"/Users/gabriel/Desktop/Gabi/Tailor/VTI/src/loaders/index.ts": {"path":"/Users/gabriel/Desktop/Gabi/Tailor/VTI/src/loaders/index.ts","statementMap":{"0":{"start":{"line":1,"column":0},"end":{"line":1,"column":22}},"1":{"start":{"line":2,"column":0},"end":{"line":2,"column":9}},"2":{"start":{"line":2,"column":9},"end":{"line":2,"column":34}},"3":{"start":{"line":3,"column":0},"end":{"line":3,"column":9}},"4":{"start":{"line":3,"column":9},"end":{"line":3,"column":44}},"5":{"start":{"line":4,"column":0},"end":{"line":4,"column":9}},"6":{"start":{"line":4,"column":9},"end":{"line":4,"column":43}},"7":{"start":{"line":5,"column":0},"end":{"line":5,"column":9}},"8":{"start":{"line":5,"column":9},"end":{"line":5,"column":34}},"9":{"start":{"line":6,"column":0},"end":{"line":6,"column":9}},"10":{"start":{"line":6,"column":9},"end":{"line":6,"column":51}}},"fnMap":{"0":{"name":"(anonymous_0)","decl":{"start":{"line":2,"column":9},"end":{"line":2,"column":15}},"loc":{"start":{"line":2,"column":9},"end":{"line":2,"column":34}}},"1":{"name":"(anonymous_1)","decl":{"start":{"line":3,"column":9},"end":{"line":3,"column":16}},"loc":{"start":{"line":3,"column":9},"end":{"line":3,"column":44}}},"2":{"name":"(anonymous_2)","decl":{"start":{"line":4,"column":9},"end":{"line":4,"column":20}},"loc":{"start":{"line":4,"column":9},"end":{"line":4,"column":43}}},"3":{"name":"(anonymous_3)","decl":{"start":{"line":5,"column":9},"end":{"line":5,"column":16}},"loc":{"start":{"line":5,"column":9},"end":{"line":5,"column":34}}},"4":{"name":"(anonymous_4)","decl":{"start":{"line":6,"column":9},"end":{"line":6,"column":25}},"loc":{"start":{"line":6,"column":9},"end":{"line":6,"column":51}}}},"branchMap":{},"s":{"0":0,"1":0,"2":0,"3":0,"4":0,"5":0,"6":0,"7":0,"8":0,"9":0,"10":0},"f":{"0":0,"1":0,"2":0,"3":0,"4":0},"b":{}}
,"/Users/gabriel/Desktop/Gabi/Tailor/VTI/src/loaders/log.loader.ts": {"path":"/Users/gabriel/Desktop/Gabi/Tailor/VTI/src/loaders/log.loader.ts","statementMap":{"0":{"start":{"line":1,"column":0},"end":{"line":1,"column":30}},"1":{"start":{"line":3,"column":15},"end":{"line":9,"column":2}},"2":{"start":{"line":11,"column":14},"end":{"line":15,"column":1}},"3":{"start":{"line":12,"column":13},"end":{"line":12,"column":50}},"4":{"start":{"line":13,"column":23},"end":{"line":13,"column":44}},"5":{"start":{"line":14,"column":1},"end":{"line":14,"column":41}},"6":{"start":{"line":17,"column":15},"end":{"line":23,"column":2}},"7":{"start":{"line":25,"column":0},"end":{"line":25,"column":26}},"8":{"start":{"line":27,"column":15},"end":{"line":30,"column":null}},"9":{"start":{"line":30,"column":33},"end":{"line":30,"column":83}},"10":{"start":{"line":33,"column":19},"end":{"line":40,"column":2}},"11":{"start":{"line":42,"column":15},"end":{"line":47,"column":2}},"12":{"start":{"line":49,"column":0},"end":{"line":49,"column":23}},"13":{"start":{"line":51,"column":0},"end":{"line":51,"column":22}}},"fnMap":{"0":{"name":"(anonymous_0)","decl":{"start":{"line":11,"column":14},"end":{"line":11,"column":17}},"loc":{"start":{"line":11,"column":19},"end":{"line":15,"column":1}}},"1":{"name":"(anonymous_1)","decl":{"start":{"line":30,"column":23},"end":{"line":30,"column":24}},"loc":{"start":{"line":30,"column":33},"end":{"line":30,"column":83}}}},"branchMap":{"0":{"loc":{"start":{"line":12,"column":13},"end":{"line":12,"column":33}},"type":"binary-expr","locations":[{"start":{"line":12,"column":13},"end":{"line":12,"column":33}},{"start":{"line":12,"column":37},"end":{"line":12,"column":50}}]},"1":{"loc":{"start":{"line":14,"column":24},"end":{"line":14,"column":31}},"type":"cond-expr","locations":[{"start":{"line":14,"column":24},"end":{"line":14,"column":31}},{"start":{"line":14,"column":34},"end":{"line":14,"column":40}}]}},"s":{"0":0,"1":0,"2":0,"3":0,"4":0,"5":0,"6":0,"7":0,"8":0,"9":0,"10":0,"11":0,"12":0,"13":0},"f":{"0":0,"1":0},"b":{"0":[0,0],"1":[0,0]}}
,"/Users/gabriel/Desktop/Gabi/Tailor/VTI/src/loaders/middleware.ts": {"path":"/Users/gabriel/Desktop/Gabi/Tailor/VTI/src/loaders/middleware.ts","statementMap":{"0":{"start":{"line":1,"column":0},"end":{"line":1,"column":48}},"1":{"start":{"line":4,"column":27},"end":{"line":6,"column":1}},"2":{"start":{"line":5,"column":1},"end":{"line":5,"column":76}},"3":{"start":{"line":5,"column":55},"end":{"line":5,"column":74}},"4":{"start":{"line":4,"column":13},"end":{"line":4,"column":27}}},"fnMap":{"0":{"name":"(anonymous_0)","decl":{"start":{"line":4,"column":27},"end":{"line":4,"column":28}},"loc":{"start":{"line":4,"column":54},"end":{"line":6,"column":1}}},"1":{"name":"(anonymous_1)","decl":{"start":{"line":5,"column":39},"end":{"line":5,"column":40}},"loc":{"start":{"line":5,"column":55},"end":{"line":5,"column":74}}}},"branchMap":{},"s":{"0":0,"1":0,"2":0,"3":0,"4":0},"f":{"0":0,"1":0},"b":{}}
,"/Users/gabriel/Desktop/Gabi/Tailor/VTI/src/loaders/mongodb.connect.ts": {"path":"/Users/gabriel/Desktop/Gabi/Tailor/VTI/src/loaders/mongodb.connect.ts","statementMap":{"0":{"start":{"line":1,"column":0},"end":{"line":1,"column":32}},"1":{"start":{"line":2,"column":0},"end":{"line":2,"column":55}},"2":{"start":{"line":3,"column":0},"end":{"line":3,"column":26}},"3":{"start":{"line":6,"column":23},"end":{"line":20,"column":1}},"4":{"start":{"line":7,"column":1},"end":{"line":19,"column":null}},"5":{"start":{"line":8,"column":26},"end":{"line":13,"column":4}},"6":{"start":{"line":14,"column":23},"end":{"line":14,"column":69}},"7":{"start":{"line":15,"column":2},"end":{"line":15,"column":67}},"8":{"start":{"line":16,"column":2},"end":{"line":16,"column":25}},"9":{"start":{"line":18,"column":2},"end":{"line":18,"column":82}},"10":{"start":{"line":6,"column":13},"end":{"line":6,"column":23}}},"fnMap":{"0":{"name":"(anonymous_0)","decl":{"start":{"line":6,"column":23},"end":{"line":6,"column":28}},"loc":{"start":{"line":6,"column":34},"end":{"line":20,"column":1}}}},"branchMap":{},"s":{"0":0,"1":0,"2":0,"3":0,"4":0,"5":0,"6":0,"7":0,"8":0,"9":0,"10":0},"f":{"0":0},"b":{}}
,"/Users/gabriel/Desktop/Gabi/Tailor/VTI/src/loaders/morgan.loader.ts": {"path":"/Users/gabriel/Desktop/Gabi/Tailor/VTI/src/loaders/morgan.loader.ts","statementMap":{"0":{"start":{"line":1,"column":0},"end":{"line":1,"column":47}},"1":{"start":{"line":4,"column":0},"end":{"line":4,"column":34}},"2":{"start":{"line":6,"column":30},"end":{"line":8,"column":2}},"3":{"start":{"line":7,"column":21},"end":{"line":7,"column":41}},"4":{"start":{"line":10,"column":13},"end":{"line":13,"column":1}},"5":{"start":{"line":11,"column":13},"end":{"line":11,"column":50}},"6":{"start":{"line":12,"column":1},"end":{"line":12,"column":54}},"7":{"start":{"line":15,"column":13},"end":{"line":21,"column":2}}},"fnMap":{"0":{"name":"(anonymous_0)","decl":{"start":{"line":7,"column":8},"end":{"line":7,"column":9}},"loc":{"start":{"line":7,"column":21},"end":{"line":7,"column":41}}},"1":{"name":"(anonymous_1)","decl":{"start":{"line":10,"column":13},"end":{"line":10,"column":14}},"loc":{"start":{"line":10,"column":46},"end":{"line":13,"column":1}}}},"branchMap":{"0":{"loc":{"start":{"line":11,"column":13},"end":{"line":11,"column":33}},"type":"binary-expr","locations":[{"start":{"line":11,"column":13},"end":{"line":11,"column":33}},{"start":{"line":11,"column":37},"end":{"line":11,"column":50}}]},"1":{"loc":{"start":{"line":12,"column":8},"end":{"line":12,"column":29}},"type":"binary-expr","locations":[{"start":{"line":12,"column":8},"end":{"line":12,"column":29}},{"start":{"line":12,"column":33},"end":{"line":12,"column":53}}]}},"s":{"0":0,"1":0,"2":0,"3":0,"4":0,"5":0,"6":0,"7":0},"f":{"0":0,"1":0},"b":{"0":[0,0],"1":[0,0]}}
,"/Users/gabriel/Desktop/Gabi/Tailor/VTI/src/loaders/redis.loader.ts": {"path":"/Users/gabriel/Desktop/Gabi/Tailor/VTI/src/loaders/redis.loader.ts","statementMap":{"0":{"start":{"line":2,"column":0},"end":{"line":2,"column":52}},"1":{"start":{"line":5,"column":24},"end":{"line":5,"column":92}},"2":{"start":{"line":15,"column":2},"end":{"line":15,"column":33}},"3":{"start":{"line":19,"column":2},"end":{"line":21,"column":null}},"4":{"start":{"line":20,"column":3},"end":{"line":20,"column":33}},"5":{"start":{"line":22,"column":2},"end":{"line":22,"column":25}},"6":{"start":{"line":26,"column":2},"end":{"line":51,"column":5}},"7":{"start":{"line":27,"column":3},"end":{"line":27,"column":47}},"8":{"start":{"line":28,"column":18},"end":{"line":28,"column":31}},"9":{"start":{"line":29,"column":3},"end":{"line":31,"column":6}},"10":{"start":{"line":30,"column":4},"end":{"line":30,"column":36}},"11":{"start":{"line":32,"column":3},"end":{"line":38,"column":6}},"12":{"start":{"line":33,"column":4},"end":{"line":36,"column":null}},"13":{"start":{"line":34,"column":5},"end":{"line":34,"column":37}},"14":{"start":{"line":35,"column":5},"end":{"line":35,"column":15}},"15":{"start":{"line":37,"column":4},"end":{"line":37,"column":32}},"16":{"start":{"line":39,"column":3},"end":{"line":41,"column":6}},"17":{"start":{"line":40,"column":4},"end":{"line":40,"column":39}},"18":{"start":{"line":42,"column":3},"end":{"line":44,"column":6}},"19":{"start":{"line":43,"column":4},"end":{"line":43,"column":30}},"20":{"start":{"line":45,"column":3},"end":{"line":47,"column":6}},"21":{"start":{"line":46,"column":4},"end":{"line":46,"column":40}},"22":{"start":{"line":48,"column":3},"end":{"line":50,"column":6}},"23":{"start":{"line":49,"column":4},"end":{"line":49,"column":41}},"24":{"start":{"line":55,"column":2},"end":{"line":59,"column":5}},"25":{"start":{"line":56,"column":3},"end":{"line":58,"column":6}},"26":{"start":{"line":57,"column":4},"end":{"line":57,"column":14}},"27":{"start":{"line":63,"column":2},"end":{"line":72,"column":5}},"28":{"start":{"line":64,"column":18},"end":{"line":68,"column":5}},"29":{"start":{"line":65,"column":4},"end":{"line":65,"column":48}},"30":{"start":{"line":66,"column":4},"end":{"line":66,"column":36}},"31":{"start":{"line":66,"column":15},"end":{"line":66,"column":36}},"32":{"start":{"line":67,"column":4},"end":{"line":67,"column":14}},"33":{"start":{"line":69,"column":3},"end":{"line":71,"column":null}},"34":{"start":{"line":70,"column":4},"end":{"line":70,"column":48}},"35":{"start":{"line":76,"column":2},"end":{"line":84,"column":5}},"36":{"start":{"line":77,"column":18},"end":{"line":80,"column":5}},"37":{"start":{"line":78,"column":4},"end":{"line":78,"column":36}},"38":{"start":{"line":78,"column":15},"end":{"line":78,"column":36}},"39":{"start":{"line":79,"column":4},"end":{"line":79,"column":33}},"40":{"start":{"line":81,"column":3},"end":{"line":83,"column":null}},"41":{"start":{"line":82,"column":4},"end":{"line":82,"column":48}},"42":{"start":{"line":88,"column":0},"end":{"line":88,"column":35}}},"fnMap":{"0":{"name":"(anonymous_0)","decl":{"start":{"line":14,"column":1},"end":{"line":14,"column":null}},"loc":{"start":{"line":14,"column":1},"end":{"line":16,"column":2}}},"1":{"name":"(anonymous_1)","decl":{"start":{"line":18,"column":8},"end":{"line":18,"column":14}},"loc":{"start":{"line":18,"column":26},"end":{"line":23,"column":2}}},"2":{"name":"(anonymous_2)","decl":{"start":{"line":25,"column":8},"end":{"line":25,"column":12}},"loc":{"start":{"line":25,"column":12},"end":{"line":52,"column":2}}},"3":{"name":"(anonymous_3)","decl":{"start":{"line":26,"column":21},"end":{"line":26,"column":22}},"loc":{"start":{"line":26,"column":33},"end":{"line":51,"column":3}}},"4":{"name":"(anonymous_4)","decl":{"start":{"line":29,"column":24},"end":{"line":29,"column":27}},"loc":{"start":{"line":29,"column":29},"end":{"line":31,"column":4}}},"5":{"name":"(anonymous_5)","decl":{"start":{"line":32,"column":22},"end":{"line":32,"column":25}},"loc":{"start":{"line":32,"column":27},"end":{"line":38,"column":4}}},"6":{"name":"(anonymous_6)","decl":{"start":{"line":39,"column":29},"end":{"line":39,"column":32}},"loc":{"start":{"line":39,"column":34},"end":{"line":41,"column":4}}},"7":{"name":"(anonymous_7)","decl":{"start":{"line":42,"column":20},"end":{"line":42,"column":23}},"loc":{"start":{"line":42,"column":25},"end":{"line":44,"column":4}}},"8":{"name":"(anonymous_8)","decl":{"start":{"line":45,"column":29},"end":{"line":45,"column":32}},"loc":{"start":{"line":45,"column":34},"end":{"line":47,"column":4}}},"9":{"name":"(anonymous_9)","decl":{"start":{"line":48,"column":22},"end":{"line":48,"column":32}},"loc":{"start":{"line":48,"column":35},"end":{"line":50,"column":4}}},"10":{"name":"(anonymous_10)","decl":{"start":{"line":54,"column":8},"end":{"line":54,"column":13}},"loc":{"start":{"line":54,"column":13},"end":{"line":60,"column":2}}},"11":{"name":"(anonymous_11)","decl":{"start":{"line":55,"column":21},"end":{"line":55,"column":22}},"loc":{"start":{"line":55,"column":33},"end":{"line":59,"column":3}}},"12":{"name":"(anonymous_12)","decl":{"start":{"line":56,"column":22},"end":{"line":56,"column":25}},"loc":{"start":{"line":56,"column":27},"end":{"line":58,"column":4}}},"13":{"name":"(anonymous_13)","decl":{"start":{"line":62,"column":8},"end":{"line":62,"column":15}},"loc":{"start":{"line":62,"column":63},"end":{"line":73,"column":2}}},"14":{"name":"(anonymous_14)","decl":{"start":{"line":63,"column":21},"end":{"line":63,"column":22}},"loc":{"start":{"line":63,"column":41},"end":{"line":72,"column":3}}},"15":{"name":"(anonymous_15)","decl":{"start":{"line":64,"column":63},"end":{"line":64,"column":73}},"loc":{"start":{"line":64,"column":85},"end":{"line":68,"column":4}}},"16":{"name":"(anonymous_16)","decl":{"start":{"line":75,"column":8},"end":{"line":75,"column":15}},"loc":{"start":{"line":75,"column":27},"end":{"line":85,"column":2}}},"17":{"name":"(anonymous_17)","decl":{"start":{"line":76,"column":21},"end":{"line":76,"column":22}},"loc":{"start":{"line":76,"column":41},"end":{"line":84,"column":3}}},"18":{"name":"(anonymous_18)","decl":{"start":{"line":77,"column":41},"end":{"line":77,"column":51}},"loc":{"start":{"line":77,"column":64},"end":{"line":80,"column":4}}}},"branchMap":{"0":{"loc":{"start":{"line":5,"column":52},"end":{"line":5,"column":73}},"type":"cond-expr","locations":[{"start":{"line":5,"column":52},"end":{"line":5,"column":73}},{"start":{"line":5,"column":76},"end":{"line":5,"column":92}}]},"1":{"loc":{"start":{"line":19,"column":2},"end":{"line":21,"column":null}},"type":"if","locations":[{"start":{"line":19,"column":2},"end":{"line":21,"column":null}},{"start":{"line":19,"column":2},"end":{"line":21,"column":null}}]},"2":{"loc":{"start":{"line":33,"column":4},"end":{"line":36,"column":null}},"type":"if","locations":[{"start":{"line":33,"column":4},"end":{"line":36,"column":null}},{"start":{"line":33,"column":4},"end":{"line":36,"column":null}}]},"3":{"loc":{"start":{"line":66,"column":4},"end":{"line":66,"column":36}},"type":"if","locations":[{"start":{"line":66,"column":4},"end":{"line":66,"column":36}},{"start":{"line":66,"column":4},"end":{"line":66,"column":36}}]},"4":{"loc":{"start":{"line":69,"column":3},"end":{"line":71,"column":null}},"type":"if","locations":[{"start":{"line":69,"column":3},"end":{"line":71,"column":null}},{"start":{"line":69,"column":3},"end":{"line":71,"column":null}}]},"5":{"loc":{"start":{"line":69,"column":7},"end":{"line":69,"column":27}},"type":"binary-expr","locations":[{"start":{"line":69,"column":7},"end":{"line":69,"column":27}},{"start":{"line":69,"column":31},"end":{"line":69,"column":47}}]},"6":{"loc":{"start":{"line":78,"column":4},"end":{"line":78,"column":36}},"type":"if","locations":[{"start":{"line":78,"column":4},"end":{"line":78,"column":36}},{"start":{"line":78,"column":4},"end":{"line":78,"column":36}}]},"7":{"loc":{"start":{"line":79,"column":12},"end":{"line":79,"column":18}},"type":"binary-expr","locations":[{"start":{"line":79,"column":12},"end":{"line":79,"column":18}},{"start":{"line":79,"column":22},"end":{"line":79,"column":31}}]},"8":{"loc":{"start":{"line":81,"column":3},"end":{"line":83,"column":null}},"type":"if","locations":[{"start":{"line":81,"column":3},"end":{"line":83,"column":null}},{"start":{"line":81,"column":3},"end":{"line":83,"column":null}}]},"9":{"loc":{"start":{"line":81,"column":7},"end":{"line":81,"column":27}},"type":"binary-expr","locations":[{"start":{"line":81,"column":7},"end":{"line":81,"column":27}},{"start":{"line":81,"column":31},"end":{"line":81,"column":47}}]}},"s":{"0":0,"1":0,"2":0,"3":0,"4":0,"5":0,"6":0,"7":0,"8":0,"9":0,"10":0,"11":0,"12":0,"13":0,"14":0,"15":0,"16":0,"17":0,"18":0,"19":0,"20":0,"21":0,"22":0,"23":0,"24":0,"25":0,"26":0,"27":0,"28":0,"29":0,"30":0,"31":0,"32":0,"33":0,"34":0,"35":0,"36":0,"37":0,"38":0,"39":0,"40":0,"41":0,"42":0},"f":{"0":0,"1":0,"2":0,"3":0,"4":0,"5":0,"6":0,"7":0,"8":0,"9":0,"10":0,"11":0,"12":0,"13":0,"14":0,"15":0,"16":0,"17":0,"18":0},"b":{"0":[0,0],"1":[0,0],"2":[0,0],"3":[0,0],"4":[0,0],"5":[0,0],"6":[0,0],"7":[0,0],"8":[0,0],"9":[0,0]}}
,"/Users/gabriel/Desktop/Gabi/Tailor/VTI/src/loaders/router.ts": {"path":"/Users/gabriel/Desktop/Gabi/Tailor/VTI/src/loaders/router.ts","statementMap":{"0":{"start":{"line":2,"column":0},"end":{"line":2,"column":36}},"1":{"start":{"line":4,"column":0},"end":{"line":4,"column":61}},"2":{"start":{"line":6,"column":22},"end":{"line":10,"column":1}},"3":{"start":{"line":7,"column":1},"end":{"line":9,"column":3}},"4":{"start":{"line":8,"column":2},"end":{"line":8,"column":54}},"5":{"start":{"line":6,"column":13},"end":{"line":6,"column":22}}},"fnMap":{"0":{"name":"(anonymous_0)","decl":{"start":{"line":6,"column":22},"end":{"line":6,"column":23}},"loc":{"start":{"line":6,"column":49},"end":{"line":10,"column":1}}},"1":{"name":"(anonymous_1)","decl":{"start":{"line":7,"column":31},"end":{"line":7,"column":32}},"loc":{"start":{"line":8,"column":2},"end":{"line":8,"column":54}}}},"branchMap":{},"s":{"0":0,"1":0,"2":0,"3":0,"4":0,"5":0},"f":{"0":0,"1":0},"b":{}}
,"/Users/gabriel/Desktop/Gabi/Tailor/VTI/src/middleware/error.middleware.ts": {"path":"/Users/gabriel/Desktop/Gabi/Tailor/VTI/src/middleware/error.middleware.ts","statementMap":{"0":{"start":{"line":4,"column":28},"end":{"line":22,"column":1}},"1":{"start":{"line":11,"column":14},"end":{"line":11,"column":33}},"2":{"start":{"line":12,"column":1},"end":{"line":18,"column":null}},"3":{"start":{"line":17,"column":2},"end":{"line":17,"column":15}},"4":{"start":{"line":19,"column":1},"end":{"line":19,"column":57}},"5":{"start":{"line":20,"column":1},"end":{"line":20,"column":21}},"6":{"start":{"line":21,"column":1},"end":{"line":21,"column":32}},"7":{"start":{"line":4,"column":13},"end":{"line":4,"column":28}}},"fnMap":{"0":{"name":"(anonymous_0)","decl":{"start":{"line":4,"column":28},"end":{"line":4,"column":null}},"loc":{"start":{"line":10,"column":10},"end":{"line":22,"column":1}}}},"branchMap":{"0":{"loc":{"start":{"line":11,"column":14},"end":{"line":11,"column":26}},"type":"binary-expr","locations":[{"start":{"line":11,"column":14},"end":{"line":11,"column":26}},{"start":{"line":11,"column":30},"end":{"line":11,"column":33}}]},"1":{"loc":{"start":{"line":12,"column":1},"end":{"line":18,"column":null}},"type":"if","locations":[{"start":{"line":12,"column":1},"end":{"line":18,"column":null}},{"start":{"line":12,"column":1},"end":{"line":18,"column":null}}]},"2":{"loc":{"start":{"line":13,"column":2},"end":{"line":13,"column":39}},"type":"binary-expr","locations":[{"start":{"line":13,"column":2},"end":{"line":13,"column":39}},{"start":{"line":14,"column":2},"end":{"line":14,"column":29}},{"start":{"line":15,"column":2},"end":{"line":15,"column":34}}]},"3":{"loc":{"start":{"line":19,"column":17},"end":{"line":19,"column":30}},"type":"binary-expr","locations":[{"start":{"line":19,"column":17},"end":{"line":19,"column":30}},{"start":{"line":19,"column":34},"end":{"line":19,"column":56}}]}},"s":{"0":1,"1":1,"2":1,"3":0,"4":1,"5":1,"6":1,"7":1},"f":{"0":1},"b":{"0":[1,1],"1":[0,1],"2":[1,1,1],"3":[1,1]}}
,"/Users/gabriel/Desktop/Gabi/Tailor/VTI/src/middleware/index.ts": {"path":"/Users/gabriel/Desktop/Gabi/Tailor/VTI/src/middleware/index.ts","statementMap":{"0":{"start":{"line":1,"column":0},"end":{"line":1,"column":9}},"1":{"start":{"line":1,"column":9},"end":{"line":1,"column":50}}},"fnMap":{"0":{"name":"(anonymous_0)","decl":{"start":{"line":1,"column":9},"end":{"line":1,"column":21}},"loc":{"start":{"line":1,"column":9},"end":{"line":1,"column":50}}}},"branchMap":{},"s":{"0":1,"1":2},"f":{"0":1},"b":{}}
,"/Users/gabriel/Desktop/Gabi/Tailor/VTI/src/repositories/aggregate.repository.ts": {"path":"/Users/gabriel/Desktop/Gabi/Tailor/VTI/src/repositories/aggregate.repository.ts","statementMap":{"0":{"start":{"line":4,"column":0},"end":{"line":4,"column":53}},"1":{"start":{"line":30,"column":29},"end":{"line":119,"column":1}},"2":{"start":{"line":48,"column":29},"end":{"line":58,"column":6}},"3":{"start":{"line":60,"column":16},"end":{"line":60,"column":36}},"4":{"start":{"line":61,"column":1},"end":{"line":69,"column":null}},"5":{"start":{"line":62,"column":2},"end":{"line":68,"column":5}},"6":{"start":{"line":63,"column":3},"end":{"line":67,"column":6}},"7":{"start":{"line":71,"column":1},"end":{"line":73,"column":4}},"8":{"start":{"line":75,"column":1},"end":{"line":79,"column":null}},"9":{"start":{"line":76,"column":2},"end":{"line":78,"column":5}},"10":{"start":{"line":81,"column":1},"end":{"line":85,"column":null}},"11":{"start":{"line":82,"column":2},"end":{"line":84,"column":5}},"12":{"start":{"line":86,"column":1},"end":{"line":90,"column":null}},"13":{"start":{"line":87,"column":2},"end":{"line":89,"column":5}},"14":{"start":{"line":92,"column":1},"end":{"line":116,"column":null}},"15":{"start":{"line":93,"column":2},"end":{"line":97,"column":5}},"16":{"start":{"line":98,"column":2},"end":{"line":102,"column":5}},"17":{"start":{"line":104,"column":2},"end":{"line":106,"column":5}},"18":{"start":{"line":108,"column":2},"end":{"line":115,"column":5}},"19":{"start":{"line":118,"column":1},"end":{"line":118,"column":46}},"20":{"start":{"line":30,"column":13},"end":{"line":30,"column":29}}},"fnMap":{"0":{"name":"(anonymous_0)","decl":{"start":{"line":30,"column":29},"end":{"line":30,"column":34}},"loc":{"start":{"line":47,"column":20},"end":{"line":119,"column":1}}},"1":{"name":"(anonymous_1)","decl":{"start":{"line":62,"column":17},"end":{"line":62,"column":18}},"loc":{"start":{"line":62,"column":37},"end":{"line":68,"column":3}}}},"branchMap":{"0":{"loc":{"start":{"line":49,"column":4},"end":{"line":57,"column":null}},"type":"cond-expr","locations":[{"start":{"line":49,"column":4},"end":{"line":57,"column":null}},{"start":{"line":58,"column":4},"end":{"line":58,"column":6}}]},"1":{"loc":{"start":{"line":60,"column":24},"end":{"line":60,"column":26}},"type":"cond-expr","locations":[{"start":{"line":60,"column":24},"end":{"line":60,"column":26}},{"start":{"line":60,"column":16},"end":{"line":60,"column":36}}]},"2":{"loc":{"start":{"line":60,"column":16},"end":{"line":60,"column":26}},"type":"binary-expr","locations":[{"start":{"line":60,"column":16},"end":{"line":60,"column":26}},{"start":{"line":60,"column":16},"end":{"line":60,"column":26}}]},"3":{"loc":{"start":{"line":61,"column":1},"end":{"line":69,"column":null}},"type":"if","locations":[{"start":{"line":61,"column":1},"end":{"line":69,"column":null}},{"start":{"line":61,"column":1},"end":{"line":69,"column":null}}]},"4":{"loc":{"start":{"line":75,"column":1},"end":{"line":79,"column":null}},"type":"if","locations":[{"start":{"line":75,"column":1},"end":{"line":79,"column":null}},{"start":{"line":75,"column":1},"end":{"line":79,"column":null}}]},"5":{"loc":{"start":{"line":81,"column":1},"end":{"line":85,"column":null}},"type":"if","locations":[{"start":{"line":81,"column":1},"end":{"line":85,"column":null}},{"start":{"line":81,"column":1},"end":{"line":85,"column":null}}]},"6":{"loc":{"start":{"line":86,"column":1},"end":{"line":90,"column":null}},"type":"if","locations":[{"start":{"line":86,"column":1},"end":{"line":90,"column":null}},{"start":{"line":86,"column":1},"end":{"line":90,"column":null}}]},"7":{"loc":{"start":{"line":92,"column":1},"end":{"line":116,"column":null}},"type":"if","locations":[{"start":{"line":92,"column":1},"end":{"line":116,"column":null}},{"start":{"line":92,"column":1},"end":{"line":116,"column":null}}]},"8":{"loc":{"start":{"line":92,"column":5},"end":{"line":92,"column":13}},"type":"binary-expr","locations":[{"start":{"line":92,"column":5},"end":{"line":92,"column":13}},{"start":{"line":92,"column":17},"end":{"line":92,"column":25}}]},"9":{"loc":{"start":{"line":105,"column":10},"end":{"line":105,"column":15}},"type":"binary-expr","locations":[{"start":{"line":105,"column":10},"end":{"line":105,"column":15}},{"start":{"line":105,"column":19},"end":{"line":105,"column":52}}]},"10":{"loc":{"start":{"line":110,"column":9},"end":{"line":110,"column":14}},"type":"binary-expr","locations":[{"start":{"line":110,"column":9},"end":{"line":110,"column":14}},{"start":{"line":110,"column":18},"end":{"line":110,"column":24}}]}},"s":{"0":1,"1":1,"2":15,"3":15,"4":15,"5":14,"6":14,"7":15,"8":15,"9":4,"10":15,"11":2,"12":15,"13":13,"14":15,"15":14,"16":14,"17":14,"18":14,"19":15,"20":1},"f":{"0":15,"1":14},"b":{"0":[1,14],"1":[1,14],"2":[15,15],"3":[14,1],"4":[4,11],"5":[2,13],"6":[13,2],"7":[14,1],"8":[15,14],"9":[14,10],"10":[14,1]}}
,"/Users/gabriel/Desktop/Gabi/Tailor/VTI/src/repositories/common.repository.ts": {"path":"/Users/gabriel/Desktop/Gabi/Tailor/VTI/src/repositories/common.repository.ts","statementMap":{"0":{"start":{"line":5,"column":34},"end":{"line":11,"column":1}},"1":{"start":{"line":10,"column":1},"end":{"line":10,"column":79}},"2":{"start":{"line":5,"column":13},"end":{"line":5,"column":34}},"3":{"start":{"line":13,"column":32},"end":{"line":19,"column":1}},"4":{"start":{"line":17,"column":20},"end":{"line":17,"column":35}},"5":{"start":{"line":18,"column":1},"end":{"line":18,"column":32}},"6":{"start":{"line":13,"column":13},"end":{"line":13,"column":32}}},"fnMap":{"0":{"name":"(anonymous_0)","decl":{"start":{"line":5,"column":34},"end":{"line":5,"column":39}},"loc":{"start":{"line":9,"column":44},"end":{"line":11,"column":1}}},"1":{"name":"(anonymous_1)","decl":{"start":{"line":13,"column":32},"end":{"line":13,"column":37}},"loc":{"start":{"line":16,"column":22},"end":{"line":19,"column":1}}}},"branchMap":{},"s":{"0":1,"1":0,"2":1,"3":1,"4":1,"5":1,"6":1},"f":{"0":0,"1":1},"b":{}}
,"/Users/gabriel/Desktop/Gabi/Tailor/VTI/src/router/client.route.ts": {"path":"/Users/gabriel/Desktop/Gabi/Tailor/VTI/src/router/client.route.ts","statementMap":{"0":{"start":{"line":1,"column":0},"end":{"line":1,"column":59}},"1":{"start":{"line":2,"column":0},"end":{"line":2,"column":33}},"2":{"start":{"line":3,"column":0},"end":{"line":3,"column":53}},"3":{"start":{"line":4,"column":0},"end":{"line":4,"column":73}},"4":{"start":{"line":5,"column":0},"end":{"line":5,"column":71}},"5":{"start":{"line":7,"column":15},"end":{"line":7,"column":23}},"6":{"start":{"line":9,"column":0},"end":{"line":9,"column":35}},"7":{"start":{"line":11,"column":0},"end":{"line":11,"column":65}},"8":{"start":{"line":13,"column":13},"end":{"line":13,"column":60}}},"fnMap":{},"branchMap":{},"s":{"0":0,"1":0,"2":0,"3":0,"4":0,"5":0,"6":0,"7":0,"8":0},"f":{},"b":{}}
,"/Users/gabriel/Desktop/Gabi/Tailor/VTI/src/router/health.route.ts": {"path":"/Users/gabriel/Desktop/Gabi/Tailor/VTI/src/router/health.route.ts","statementMap":{"0":{"start":{"line":1,"column":0},"end":{"line":1,"column":30}},"1":{"start":{"line":2,"column":0},"end":{"line":2,"column":64}},"2":{"start":{"line":3,"column":15},"end":{"line":3,"column":31}},"3":{"start":{"line":5,"column":0},"end":{"line":5,"column":30}},"4":{"start":{"line":7,"column":13},"end":{"line":7,"column":61}}},"fnMap":{},"branchMap":{},"s":{"0":0,"1":0,"2":0,"3":0,"4":0},"f":{},"b":{}}
,"/Users/gabriel/Desktop/Gabi/Tailor/VTI/src/router/index.ts": {"path":"/Users/gabriel/Desktop/Gabi/Tailor/VTI/src/router/index.ts","statementMap":{"0":{"start":{"line":1,"column":0},"end":{"line":1,"column":9}},"1":{"start":{"line":1,"column":9},"end":{"line":1,"column":51}},"2":{"start":{"line":2,"column":0},"end":{"line":2,"column":9}},"3":{"start":{"line":2,"column":9},"end":{"line":2,"column":42}},"4":{"start":{"line":3,"column":0},"end":{"line":3,"column":9}},"5":{"start":{"line":3,"column":9},"end":{"line":3,"column":44}},"6":{"start":{"line":4,"column":0},"end":{"line":4,"column":9}},"7":{"start":{"line":4,"column":9},"end":{"line":4,"column":50}},"8":{"start":{"line":5,"column":0},"end":{"line":5,"column":9}},"9":{"start":{"line":5,"column":9},"end":{"line":5,"column":54}},"10":{"start":{"line":6,"column":0},"end":{"line":6,"column":9}},"11":{"start":{"line":6,"column":9},"end":{"line":6,"column":47}}},"fnMap":{"0":{"name":"(anonymous_0)","decl":{"start":{"line":1,"column":9},"end":{"line":1,"column":26}},"loc":{"start":{"line":1,"column":9},"end":{"line":1,"column":51}}},"1":{"name":"(anonymous_1)","decl":{"start":{"line":2,"column":9},"end":{"line":2,"column":19}},"loc":{"start":{"line":2,"column":9},"end":{"line":2,"column":42}}},"2":{"name":"(anonymous_2)","decl":{"start":{"line":3,"column":9},"end":{"line":3,"column":20}},"loc":{"start":{"line":3,"column":9},"end":{"line":3,"column":44}}},"3":{"name":"(anonymous_3)","decl":{"start":{"line":4,"column":9},"end":{"line":4,"column":23}},"loc":{"start":{"line":4,"column":9},"end":{"line":4,"column":50}}},"4":{"name":"(anonymous_4)","decl":{"start":{"line":5,"column":9},"end":{"line":5,"column":25}},"loc":{"start":{"line":5,"column":9},"end":{"line":5,"column":54}}},"5":{"name":"(anonymous_5)","decl":{"start":{"line":6,"column":9},"end":{"line":6,"column":22}},"loc":{"start":{"line":6,"column":9},"end":{"line":6,"column":47}}}},"branchMap":{},"s":{"0":0,"1":0,"2":0,"3":0,"4":0,"5":0,"6":0,"7":0,"8":0,"9":0,"10":0,"11":0},"f":{"0":0,"1":0,"2":0,"3":0,"4":0,"5":0},"b":{}}
,"/Users/gabriel/Desktop/Gabi/Tailor/VTI/src/router/notes.route.ts": {"path":"/Users/gabriel/Desktop/Gabi/Tailor/VTI/src/router/notes.route.ts","statementMap":{"0":{"start":{"line":1,"column":0},"end":{"line":1,"column":57}},"1":{"start":{"line":2,"column":0},"end":{"line":2,"column":33}},"2":{"start":{"line":3,"column":0},"end":{"line":3,"column":65}},"3":{"start":{"line":5,"column":15},"end":{"line":5,"column":23}},"4":{"start":{"line":7,"column":0},"end":{"line":7,"column":42}},"5":{"start":{"line":9,"column":13},"end":{"line":9,"column":56}}},"fnMap":{},"branchMap":{},"s":{"0":0,"1":0,"2":0,"3":0,"4":0,"5":0},"f":{},"b":{}}
,"/Users/gabriel/Desktop/Gabi/Tailor/VTI/src/router/projects.route.ts": {"path":"/Users/gabriel/Desktop/Gabi/Tailor/VTI/src/router/projects.route.ts","statementMap":{"0":{"start":{"line":1,"column":0},"end":{"line":1,"column":60}},"1":{"start":{"line":2,"column":0},"end":{"line":2,"column":33}},"2":{"start":{"line":3,"column":0},"end":{"line":3,"column":65}},"3":{"start":{"line":5,"column":15},"end":{"line":5,"column":23}},"4":{"start":{"line":7,"column":0},"end":{"line":7,"column":45}},"5":{"start":{"line":9,"column":13},"end":{"line":9,"column":62}}},"fnMap":{},"branchMap":{},"s":{"0":0,"1":0,"2":0,"3":0,"4":0,"5":0},"f":{},"b":{}}
,"/Users/gabriel/Desktop/Gabi/Tailor/VTI/src/router/test.route.ts": {"path":"/Users/gabriel/Desktop/Gabi/Tailor/VTI/src/router/test.route.ts","statementMap":{"0":{"start":{"line":1,"column":0},"end":{"line":1,"column":33}},"1":{"start":{"line":2,"column":0},"end":{"line":2,"column":89}},"2":{"start":{"line":4,"column":15},"end":{"line":4,"column":23}},"3":{"start":{"line":6,"column":0},"end":{"line":6,"column":35}},"4":{"start":{"line":8,"column":0},"end":{"line":8,"column":45}},"5":{"start":{"line":10,"column":13},"end":{"line":10,"column":52}}},"fnMap":{},"branchMap":{},"s":{"0":0,"1":0,"2":0,"3":0,"4":0,"5":0},"f":{},"b":{}}
,"/Users/gabriel/Desktop/Gabi/Tailor/VTI/src/router/testSystem.route.ts": {"path":"/Users/gabriel/Desktop/Gabi/Tailor/VTI/src/router/testSystem.route.ts","statementMap":{"0":{"start":{"line":1,"column":0},"end":{"line":1,"column":63}},"1":{"start":{"line":2,"column":0},"end":{"line":2,"column":33}},"2":{"start":{"line":3,"column":0},"end":{"line":3,"column":65}},"3":{"start":{"line":5,"column":15},"end":{"line":5,"column":23}},"4":{"start":{"line":7,"column":0},"end":{"line":7,"column":47}},"5":{"start":{"line":9,"column":13},"end":{"line":9,"column":67}}},"fnMap":{},"branchMap":{},"s":{"0":0,"1":0,"2":0,"3":0,"4":0,"5":0},"f":{},"b":{}}
,"/Users/gabriel/Desktop/Gabi/Tailor/VTI/src/seeds/brand.seed.ts": {"path":"/Users/gabriel/Desktop/Gabi/Tailor/VTI/src/seeds/brand.seed.ts","statementMap":{"0":{"start":{"line":1,"column":0},"end":{"line":1,"column":26}},"1":{"start":{"line":3,"column":0},"end":{"line":3,"column":47}},"2":{"start":{"line":4,"column":0},"end":{"line":4,"column":49}},"3":{"start":{"line":6,"column":0},"end":{"line":59,"column":2}},"4":{"start":{"line":7,"column":19},"end":{"line":7,"column":45}},"5":{"start":{"line":8,"column":1},"end":{"line":8,"column":24}},"6":{"start":{"line":9,"column":1},"end":{"line":9,"column":33}},"7":{"start":{"line":10,"column":1},"end":{"line":10,"column":57}},"8":{"start":{"line":13,"column":27},"end":{"line":13,"column":37}},"9":{"start":{"line":14,"column":1},"end":{"line":14,"column":42}},"10":{"start":{"line":15,"column":21},"end":{"line":54,"column":null}},"11":{"start":{"line":31,"column":3},"end":{"line":52,"column":6}},"12":{"start":{"line":32,"column":4},"end":{"line":34,"column":null}},"13":{"start":{"line":33,"column":5},"end":{"line":33,"column":79}},"14":{"start":{"line":33,"column":72},"end":{"line":33,"column":77}},"15":{"start":{"line":35,"column":14},"end":{"line":35,"column":16}},"16":{"start":{"line":36,"column":4},"end":{"line":49,"column":null}},"17":{"start":{"line":38,"column":6},"end":{"line":38,"column":21}},"18":{"start":{"line":39,"column":6},"end":{"line":39,"column":12}},"19":{"start":{"line":41,"column":6},"end":{"line":41,"column":18}},"20":{"start":{"line":42,"column":6},"end":{"line":42,"column":12}},"21":{"start":{"line":44,"column":6},"end":{"line":44,"column":23}},"22":{"start":{"line":45,"column":6},"end":{"line":45,"column":12}},"23":{"start":{"line":47,"column":6},"end":{"line":47,"column":21}},"24":{"start":{"line":48,"column":6},"end":{"line":48,"column":12}},"25":{"start":{"line":50,"column":4},"end":{"line":50,"column":20}},"26":{"start":{"line":51,"column":4},"end":{"line":51,"column":17}},"27":{"start":{"line":53,"column":3},"end":{"line":53,"column":14}},"28":{"start":{"line":56,"column":15},"end":{"line":56,"column":55}},"29":{"start":{"line":57,"column":1},"end":{"line":57,"column":56}},"30":{"start":{"line":58,"column":1},"end":{"line":58,"column":14}}},"fnMap":{"0":{"name":"(anonymous_0)","decl":{"start":{"line":6,"column":15},"end":{"line":6,"column":20}},"loc":{"start":{"line":6,"column":47},"end":{"line":59,"column":1}}},"1":{"name":"(anonymous_1)","decl":{"start":{"line":16,"column":2},"end":{"line":16,"column":3}},"loc":{"start":{"line":30,"column":7},"end":{"line":54,"column":3}}},"2":{"name":"(anonymous_2)","decl":{"start":{"line":31,"column":31},"end":{"line":31,"column":32}},"loc":{"start":{"line":31,"column":41},"end":{"line":52,"column":4}}},"3":{"name":"(anonymous_3)","decl":{"start":{"line":33,"column":62},"end":{"line":33,"column":63}},"loc":{"start":{"line":33,"column":72},"end":{"line":33,"column":77}}}},"branchMap":{"0":{"loc":{"start":{"line":32,"column":4},"end":{"line":34,"column":null}},"type":"if","locations":[{"start":{"line":32,"column":4},"end":{"line":34,"column":null}},{"start":{"line":32,"column":4},"end":{"line":34,"column":null}}]},"1":{"loc":{"start":{"line":37,"column":5},"end":{"line":39,"column":12}},"type":"switch","locations":[{"start":{"line":37,"column":5},"end":{"line":39,"column":12}},{"start":{"line":40,"column":5},"end":{"line":42,"column":12}},{"start":{"line":43,"column":5},"end":{"line":45,"column":12}},{"start":{"line":46,"column":5},"end":{"line":48,"column":12}}]}},"s":{"0":0,"1":0,"2":0,"3":0,"4":0,"5":0,"6":0,"7":0,"8":0,"9":0,"10":0,"11":0,"12":0,"13":0,"14":0,"15":0,"16":0,"17":0,"18":0,"19":0,"20":0,"21":0,"22":0,"23":0,"24":0,"25":0,"26":0,"27":0,"28":0,"29":0,"30":0},"f":{"0":0,"1":0,"2":0,"3":0},"b":{"0":[0,0],"1":[0,0,0,0]}}
,"/Users/gabriel/Desktop/Gabi/Tailor/VTI/src/seeds/index.ts": {"path":"/Users/gabriel/Desktop/Gabi/Tailor/VTI/src/seeds/index.ts","statementMap":{"0":{"start":{"line":1,"column":0},"end":{"line":1,"column":23}},"1":{"start":{"line":2,"column":0},"end":{"line":2,"column":26}},"2":{"start":{"line":3,"column":0},"end":{"line":3,"column":44}},"3":{"start":{"line":4,"column":0},"end":{"line":4,"column":35}},"4":{"start":{"line":5,"column":0},"end":{"line":16,"column":5}},"5":{"start":{"line":6,"column":1},"end":{"line":6,"column":23}},"6":{"start":{"line":7,"column":1},"end":{"line":15,"column":null}},"7":{"start":{"line":8,"column":2},"end":{"line":8,"column":19}},"8":{"start":{"line":10,"column":2},"end":{"line":10,"column":28}},"9":{"start":{"line":12,"column":2},"end":{"line":12,"column":25}},"10":{"start":{"line":13,"column":2},"end":{"line":13,"column":32}},"11":{"start":{"line":14,"column":2},"end":{"line":14,"column":17}}},"fnMap":{"0":{"name":"(anonymous_0)","decl":{"start":{"line":5,"column":1},"end":{"line":5,"column":6}},"loc":{"start":{"line":5,"column":12},"end":{"line":16,"column":1}}}},"branchMap":{},"s":{"0":0,"1":0,"2":0,"3":0,"4":0,"5":0,"6":0,"7":0,"8":0,"9":0,"10":0,"11":0},"f":{"0":0},"b":{}}
,"/Users/gabriel/Desktop/Gabi/Tailor/VTI/src/seeds/test.seed.ts": {"path":"/Users/gabriel/Desktop/Gabi/Tailor/VTI/src/seeds/test.seed.ts","statementMap":{"0":{"start":{"line":1,"column":0},"end":{"line":1,"column":26}},"1":{"start":{"line":3,"column":0},"end":{"line":3,"column":53}},"2":{"start":{"line":5,"column":22},"end":{"line":57,"column":2}},"3":{"start":{"line":59,"column":31},"end":{"line":59,"column":85}},"4":{"start":{"line":59,"column":59},"end":{"line":59,"column":85}},"5":{"start":{"line":59,"column":13},"end":{"line":59,"column":31}},"6":{"start":{"line":61,"column":28},"end":{"line":61,"column":80}},"7":{"start":{"line":61,"column":47},"end":{"line":61,"column":80}},"8":{"start":{"line":63,"column":0},"end":{"line":205,"column":2}},"9":{"start":{"line":64,"column":25},"end":{"line":64,"column":47}},"10":{"start":{"line":65,"column":19},"end":{"line":65,"column":46}},"11":{"start":{"line":66,"column":1},"end":{"line":66,"column":24}},"12":{"start":{"line":67,"column":1},"end":{"line":67,"column":34}},"13":{"start":{"line":68,"column":1},"end":{"line":68,"column":57}},"14":{"start":{"line":70,"column":26},"end":{"line":111,"column":3}},"15":{"start":{"line":70,"column":94},"end":{"line":111,"column":3}},"16":{"start":{"line":113,"column":21},"end":{"line":125,"column":3}},"17":{"start":{"line":113,"column":28},"end":{"line":125,"column":3}},"18":{"start":{"line":121,"column":16},"end":{"line":121,"column":59}},"19":{"start":{"line":127,"column":26},"end":{"line":137,"column":2}},"20":{"start":{"line":128,"column":16},"end":{"line":128,"column":65}},"21":{"start":{"line":129,"column":18},"end":{"line":129,"column":53}},"22":{"start":{"line":130,"column":2},"end":{"line":136,"column":4}},"23":{"start":{"line":139,"column":23},"end":{"line":147,"column":3}},"24":{"start":{"line":139,"column":79},"end":{"line":147,"column":3}},"25":{"start":{"line":146,"column":79},"end":{"line":146,"column":96}},"26":{"start":{"line":149,"column":22},"end":{"line":162,"column":9}},"27":{"start":{"line":152,"column":19},"end":{"line":152,"column":42}},"28":{"start":{"line":154,"column":3},"end":{"line":160,"column":40}},"29":{"start":{"line":155,"column":4},"end":{"line":157,"column":47}},"30":{"start":{"line":157,"column":16},"end":{"line":157,"column":45}},"31":{"start":{"line":158,"column":4},"end":{"line":158,"column":25}},"32":{"start":{"line":159,"column":4},"end":{"line":159,"column":19}},"33":{"start":{"line":164,"column":33},"end":{"line":167,"column":null}},"34":{"start":{"line":166,"column":3},"end":{"line":166,"column":41}},"35":{"start":{"line":170,"column":31},"end":{"line":177,"column":null}},"36":{"start":{"line":172,"column":20},"end":{"line":174,"column":95}},"37":{"start":{"line":174,"column":15},"end":{"line":174,"column":94}},"38":{"start":{"line":175,"column":3},"end":{"line":175,"column":30}},"39":{"start":{"line":176,"column":3},"end":{"line":176,"column":24}},"40":{"start":{"line":180,"column":28},"end":{"line":185,"column":null}},"41":{"start":{"line":182,"column":17},"end":{"line":182,"column":83}},"42":{"start":{"line":183,"column":3},"end":{"line":183,"column":24}},"43":{"start":{"line":184,"column":3},"end":{"line":184,"column":24}},"44":{"start":{"line":188,"column":1},"end":{"line":204,"column":3}},"45":{"start":{"line":190,"column":21},"end":{"line":190,"column":27}},"46":{"start":{"line":191,"column":3},"end":{"line":201,"column":null}},"47":{"start":{"line":192,"column":4},"end":{"line":199,"column":7}},"48":{"start":{"line":193,"column":5},"end":{"line":197,"column":9}},"49":{"start":{"line":196,"column":7},"end":{"line":196,"column":27}},"50":{"start":{"line":198,"column":5},"end":{"line":198,"column":20}},"51":{"start":{"line":200,"column":4},"end":{"line":200,"column":25}},"52":{"start":{"line":202,"column":3},"end":{"line":202,"column":17}}},"fnMap":{"0":{"name":"(anonymous_0)","decl":{"start":{"line":59,"column":31},"end":{"line":59,"column":32}},"loc":{"start":{"line":59,"column":59},"end":{"line":59,"column":85}}},"1":{"name":"(anonymous_1)","decl":{"start":{"line":61,"column":28},"end":{"line":61,"column":29}},"loc":{"start":{"line":61,"column":47},"end":{"line":61,"column":80}}},"2":{"name":"(anonymous_2)","decl":{"start":{"line":63,"column":15},"end":{"line":63,"column":20}},"loc":{"start":{"line":63,"column":41},"end":{"line":205,"column":1}}},"3":{"name":"(anonymous_3)","decl":{"start":{"line":64,"column":25},"end":{"line":64,"column":38}},"loc":{"start":{"line":64,"column":25},"end":{"line":64,"column":47}}},"4":{"name":"(anonymous_4)","decl":{"start":{"line":70,"column":26},"end":{"line":70,"column":27}},"loc":{"start":{"line":70,"column":94},"end":{"line":111,"column":3}}},"5":{"name":"(anonymous_5)","decl":{"start":{"line":113,"column":21},"end":{"line":113,"column":24}},"loc":{"start":{"line":113,"column":28},"end":{"line":125,"column":3}}},"6":{"name":"(anonymous_6)","decl":{"start":{"line":121,"column":9},"end":{"line":121,"column":12}},"loc":{"start":{"line":121,"column":16},"end":{"line":121,"column":59}}},"7":{"name":"(anonymous_7)","decl":{"start":{"line":127,"column":26},"end":{"line":127,"column":27}},"loc":{"start":{"line":127,"column":49},"end":{"line":137,"column":2}}},"8":{"name":"(anonymous_8)","decl":{"start":{"line":139,"column":23},"end":{"line":139,"column":24}},"loc":{"start":{"line":139,"column":79},"end":{"line":147,"column":3}}},"9":{"name":"(anonymous_9)","decl":{"start":{"line":146,"column":65},"end":{"line":146,"column":66}},"loc":{"start":{"line":146,"column":79},"end":{"line":146,"column":96}}},"10":{"name":"(anonymous_10)","decl":{"start":{"line":151,"column":7},"end":{"line":151,"column":8}},"loc":{"start":{"line":151,"column":20},"end":{"line":161,"column":3}}},"11":{"name":"(anonymous_11)","decl":{"start":{"line":154,"column":25},"end":{"line":154,"column":26}},"loc":{"start":{"line":154,"column":45},"end":{"line":160,"column":4}}},"12":{"name":"(anonymous_12)","decl":{"start":{"line":157,"column":10},"end":{"line":157,"column":13}},"loc":{"start":{"line":157,"column":16},"end":{"line":157,"column":45}}},"13":{"name":"(anonymous_13)","decl":{"start":{"line":165,"column":19},"end":{"line":165,"column":20}},"loc":{"start":{"line":165,"column":30},"end":{"line":167,"column":3}}},"14":{"name":"(anonymous_14)","decl":{"start":{"line":171,"column":30},"end":{"line":171,"column":31}},"loc":{"start":{"line":171,"column":41},"end":{"line":177,"column":3}}},"15":{"name":"(anonymous_15)","decl":{"start":{"line":174,"column":9},"end":{"line":174,"column":12}},"loc":{"start":{"line":174,"column":15},"end":{"line":174,"column":94}}},"16":{"name":"(anonymous_16)","decl":{"start":{"line":181,"column":28},"end":{"line":181,"column":29}},"loc":{"start":{"line":181,"column":39},"end":{"line":185,"column":3}}},"17":{"name":"(anonymous_17)","decl":{"start":{"line":189,"column":25},"end":{"line":189,"column":26}},"loc":{"start":{"line":189,"column":36},"end":{"line":203,"column":3}}},"18":{"name":"(anonymous_18)","decl":{"start":{"line":192,"column":42},"end":{"line":192,"column":43}},"loc":{"start":{"line":192,"column":54},"end":{"line":199,"column":5}}},"19":{"name":"(anonymous_19)","decl":{"start":{"line":195,"column":11},"end":{"line":195,"column":12}},"loc":{"start":{"line":195,"column":20},"end":{"line":197,"column":7}}}},"branchMap":{"0":{"loc":{"start":{"line":191,"column":3},"end":{"line":201,"column":null}},"type":"if","locations":[{"start":{"line":191,"column":3},"end":{"line":201,"column":null}},{"start":{"line":191,"column":3},"end":{"line":201,"column":null}}]}},"s":{"0":0,"1":0,"2":0,"3":0,"4":0,"5":0,"6":0,"7":0,"8":0,"9":0,"10":0,"11":0,"12":0,"13":0,"14":0,"15":0,"16":0,"17":0,"18":0,"19":0,"20":0,"21":0,"22":0,"23":0,"24":0,"25":0,"26":0,"27":0,"28":0,"29":0,"30":0,"31":0,"32":0,"33":0,"34":0,"35":0,"36":0,"37":0,"38":0,"39":0,"40":0,"41":0,"42":0,"43":0,"44":0,"45":0,"46":0,"47":0,"48":0,"49":0,"50":0,"51":0,"52":0},"f":{"0":0,"1":0,"2":0,"3":0,"4":0,"5":0,"6":0,"7":0,"8":0,"9":0,"10":0,"11":0,"12":0,"13":0,"14":0,"15":0,"16":0,"17":0,"18":0,"19":0},"b":{"0":[0,0]}}
,"/Users/gabriel/Desktop/Gabi/Tailor/VTI/src/services/test.service.ts": {"path":"/Users/gabriel/Desktop/Gabi/Tailor/VTI/src/services/test.service.ts","statementMap":{"0":{"start":{"line":2,"column":0},"end":{"line":2,"column":50}},"1":{"start":{"line":3,"column":0},"end":{"line":3,"column":47}},"2":{"start":{"line":5,"column":35},"end":{"line":55,"column":1}},"3":{"start":{"line":14,"column":13},"end":{"line":14,"column":68}},"4":{"start":{"line":15,"column":1},"end":{"line":53,"column":null}},"5":{"start":{"line":16,"column":22},"end":{"line":16,"column":46}},"6":{"start":{"line":17,"column":2},"end":{"line":51,"column":5}},"7":{"start":{"line":52,"column":2},"end":{"line":52,"column":53}},"8":{"start":{"line":54,"column":1},"end":{"line":54,"column":14}},"9":{"start":{"line":5,"column":13},"end":{"line":5,"column":35}},"10":{"start":{"line":57,"column":30},"end":{"line":102,"column":1}},"11":{"start":{"line":66,"column":21},"end":{"line":66,"column":45}},"12":{"start":{"line":67,"column":1},"end":{"line":101,"column":4}},"13":{"start":{"line":57,"column":13},"end":{"line":57,"column":30}}},"fnMap":{"0":{"name":"(anonymous_0)","decl":{"start":{"line":5,"column":35},"end":{"line":5,"column":40}},"loc":{"start":{"line":13,"column":26},"end":{"line":55,"column":1}}},"1":{"name":"(anonymous_1)","decl":{"start":{"line":57,"column":30},"end":{"line":57,"column":35}},"loc":{"start":{"line":65,"column":26},"end":{"line":102,"column":1}}}},"branchMap":{"0":{"loc":{"start":{"line":15,"column":1},"end":{"line":53,"column":null}},"type":"if","locations":[{"start":{"line":15,"column":1},"end":{"line":53,"column":null}},{"start":{"line":15,"column":1},"end":{"line":53,"column":null}}]}},"s":{"0":0,"1":0,"2":0,"3":0,"4":0,"5":0,"6":0,"7":0,"8":0,"9":0,"10":0,"11":0,"12":0,"13":0},"f":{"0":0,"1":0},"b":{"0":[0,0]}}
,"/Users/gabriel/Desktop/Gabi/Tailor/VTI/src/utils/controllers.utils.ts": {"path":"/Users/gabriel/Desktop/Gabi/Tailor/VTI/src/utils/controllers.utils.ts","statementMap":{"0":{"start":{"line":4,"column":29},"end":{"line":7,"column":1}},"1":{"start":{"line":5,"column":35},"end":{"line":5,"column":40}},"2":{"start":{"line":6,"column":1},"end":{"line":6,"column":43}},"3":{"start":{"line":4,"column":13},"end":{"line":4,"column":29}}},"fnMap":{"0":{"name":"(anonymous_0)","decl":{"start":{"line":4,"column":29},"end":{"line":4,"column":30}},"loc":{"start":{"line":4,"column":73},"end":{"line":7,"column":1}}}},"branchMap":{"0":{"loc":{"start":{"line":5,"column":18},"end":{"line":5,"column":19}},"type":"default-arg","locations":[{"start":{"line":5,"column":18},"end":{"line":5,"column":19}}]},"1":{"loc":{"start":{"line":5,"column":29},"end":{"line":5,"column":30}},"type":"default-arg","locations":[{"start":{"line":5,"column":29},"end":{"line":5,"column":30}}]}},"s":{"0":0,"1":0,"2":0,"3":0},"f":{"0":0},"b":{"0":[0],"1":[0]}}
,"/Users/gabriel/Desktop/Gabi/Tailor/VTI/src/utils/index.ts": {"path":"/Users/gabriel/Desktop/Gabi/Tailor/VTI/src/utils/index.ts","statementMap":{"0":{"start":{"line":1,"column":0},"end":{"line":1,"column":36}}},"fnMap":{},"branchMap":{},"s":{"0":0},"f":{},"b":{}}
,"/Users/gabriel/Desktop/Gabi/Tailor/VTI/src/validations/client.validation.ts": {"path":"/Users/gabriel/Desktop/Gabi/Tailor/VTI/src/validations/client.validation.ts","statementMap":{"0":{"start":{"line":1,"column":0},"end":{"line":1,"column":22}},"1":{"start":{"line":3,"column":13},"end":{"line":6,"column":3}}},"fnMap":{},"branchMap":{},"s":{"0":0,"1":0},"f":{},"b":{}}
}
