TN:
SF:src/constants/env.constants.ts
FNF:0
FNH:0
DA:1,2
DA:3,2
DA:8,2
LF:3
LH:3
BRDA:1,0,0,2
BRDA:1,0,1,2
BRDA:4,1,0,2
BRDA:4,1,1,2
BRDA:5,2,0,0
BRDA:5,2,1,2
BRDA:9,3,0,2
BRDA:9,3,1,2
BRDA:10,4,0,0
BRDA:10,4,1,2
BRF:10
BRH:8
end_of_record
TN:
SF:src/constants/error_messages.constants.ts
FNF:0
FNH:0
DA:1,0
DA:2,0
DA:3,0
DA:4,0
DA:6,0
DA:7,0
DA:8,0
DA:9,0
DA:10,0
LF:9
LH:0
BRF:0
BRH:0
end_of_record
TN:
SF:src/constants/formats.ts
FNF:0
FNH:0
DA:1,0
LF:1
LH:0
BRF:0
BRH:0
end_of_record
TN:
SF:src/constants/model.constants.ts
FNF:0
FNH:0
DA:1,2
DA:3,2
LF:2
LH:2
BRF:0
BRH:0
end_of_record
TN:
SF:src/constants/routes.constants.ts
FNF:0
FNH:0
DA:1,0
DA:2,0
DA:3,0
DA:4,0
DA:5,0
LF:5
LH:0
BRF:0
BRH:0
end_of_record
TN:
SF:src/controllers/crud.controller.ts
FN:9,(anonymous_0)
FN:10,(anonymous_1)
FN:22,(anonymous_2)
FN:26,(anonymous_3)
FN:38,(anonymous_4)
FN:39,(anonymous_5)
FNF:6
FNH:0
FNDA:0,(anonymous_0)
FNDA:0,(anonymous_1)
FNDA:0,(anonymous_2)
FNDA:0,(anonymous_3)
FNDA:0,(anonymous_4)
FNDA:0,(anonymous_5)
DA:4,0
DA:5,0
DA:8,0
DA:9,0
DA:10,0
DA:11,0
DA:12,0
DA:13,0
DA:14,0
DA:16,0
DA:17,0
DA:21,0
DA:22,0
DA:26,0
DA:27,0
DA:28,0
DA:29,0
DA:30,0
DA:32,0
DA:33,0
DA:37,0
DA:38,0
DA:39,0
DA:40,0
DA:41,0
DA:42,0
DA:43,0
DA:45,0
LF:28
LH:0
BRF:0
BRH:0
end_of_record
TN:
SF:src/controllers/health.controller.ts
FN:10,(anonymous_0)
FNF:1
FNH:0
FNDA:0,(anonymous_0)
DA:1,0
DA:3,0
DA:4,0
DA:5,0
DA:7,0
DA:10,0
DA:11,0
LF:7
LH:0
BRF:0
BRH:0
end_of_record
TN:
SF:src/controllers/test.controller.ts
FN:5,(anonymous_0)
FN:19,(anonymous_1)
FNF:2
FNH:0
FNDA:0,(anonymous_0)
FNDA:0,(anonymous_1)
DA:2,0
DA:3,0
DA:5,0
DA:10,0
DA:11,0
DA:12,0
DA:13,0
DA:15,0
DA:19,0
DA:24,0
DA:25,0
DA:26,0
DA:28,0
LF:13
LH:0
BRDA:11,0,0,0
BRDA:11,1,0,0
BRF:2
BRH:0
end_of_record
TN:
SF:src/enums/index.ts
FN:1,(anonymous_0)
FNF:1
FNH:0
FNDA:0,(anonymous_0)
DA:1,0
LF:1
LH:0
BRF:0
BRH:0
end_of_record
TN:
SF:src/enums/mongoose.enum.ts
FN:1,(anonymous_0)
FNF:1
FNH:0
FNDA:0,(anonymous_0)
DA:1,0
DA:2,0
DA:3,0
DA:4,0
DA:5,0
LF:5
LH:0
BRDA:1,0,0,0
BRDA:1,0,1,0
BRF:2
BRH:0
end_of_record
TN:
SF:src/errors/authorization.error.ts
FN:5,(anonymous_0)
FNF:1
FNH:0
FNDA:0,(anonymous_0)
DA:1,0
DA:2,0
DA:4,0
DA:6,0
LF:4
LH:0
BRDA:6,0,0,0
BRDA:6,0,1,0
BRF:2
BRH:0
end_of_record
TN:
SF:src/errors/base.error.ts
FN:6,(anonymous_0)
FNF:1
FNH:1
FNDA:4,(anonymous_0)
DA:1,1
DA:3,1
DA:7,4
DA:9,4
DA:11,4
DA:13,4
DA:14,4
DA:15,4
LF:8
LH:8
BRDA:13,0,0,4
BRDA:13,0,1,3
BRDA:14,1,0,4
BRDA:14,1,1,3
BRF:4
BRH:4
end_of_record
TN:
SF:src/errors/data.error.ts
FN:5,(anonymous_0)
FNF:1
FNH:0
FNDA:0,(anonymous_0)
DA:1,0
DA:2,0
DA:4,0
DA:6,0
LF:4
LH:0
BRDA:6,0,0,0
BRDA:6,0,1,0
BRF:2
BRH:0
end_of_record
TN:
SF:src/errors/file.error.ts
FN:5,(anonymous_0)
FNF:1
FNH:0
FNDA:0,(anonymous_0)
DA:1,0
DA:2,0
DA:4,0
DA:6,0
LF:4
LH:0
BRDA:6,0,0,0
BRDA:6,0,1,0
BRF:2
BRH:0
end_of_record
TN:
SF:src/errors/not_found.error.ts
FN:4,(anonymous_0)
FNF:1
FNH:0
FNDA:0,(anonymous_0)
DA:1,0
DA:3,0
DA:5,0
LF:3
LH:0
BRDA:5,0,0,0
BRDA:5,0,1,0
BRF:2
BRH:0
end_of_record
TN:
SF:src/errors/send_code.error.ts
FN:4,(anonymous_0)
FNF:1
FNH:0
FNDA:0,(anonymous_0)
DA:1,0
DA:3,0
DA:5,0
LF:3
LH:0
BRF:0
BRH:0
end_of_record
TN:
SF:src/interfaces/models.interface.ts
FNF:0
FNH:0
DA:24,0
LF:1
LH:0
BRF:0
BRH:0
end_of_record
TN:
SF:src/loaders/cache.loader.ts
FN:10,(anonymous_0)
FN:18,(anonymous_1)
FN:25,(anonymous_2)
FN:29,(anonymous_3)
FNF:4
FNH:0
FNDA:0,(anonymous_0)
FNDA:0,(anonymous_1)
FNDA:0,(anonymous_2)
FNDA:0,(anonymous_3)
DA:1,0
DA:11,0
DA:19,0
DA:20,0
DA:22,0
DA:26,0
DA:30,0
DA:34,0
LF:8
LH:0
BRDA:19,0,0,0
BRDA:19,0,1,0
BRF:2
BRH:0
end_of_record
TN:
SF:src/loaders/db.loader.ts
FN:23,(anonymous_0)
FN:30,(anonymous_1)
FN:42,(anonymous_2)
FN:46,(anonymous_3)
FN:50,(anonymous_4)
FN:53,(anonymous_5)
FN:64,(anonymous_6)
FNF:7
FNH:4
FNDA:2,(anonymous_0)
FNDA:2,(anonymous_1)
FNDA:0,(anonymous_2)
FNDA:2,(anonymous_3)
FNDA:0,(anonymous_4)
FNDA:0,(anonymous_5)
FNDA:2,(anonymous_6)
DA:1,2
DA:2,2
DA:3,2
DA:7,2
DA:24,2
DA:25,2
DA:27,2
DA:31,2
DA:32,2
DA:33,0
DA:34,0
DA:35,0
DA:36,0
DA:38,2
DA:39,2
DA:42,2
DA:43,0
DA:46,2
DA:47,2
DA:50,2
DA:51,0
DA:52,0
DA:53,0
DA:54,0
DA:59,0
DA:60,0
DA:65,2
DA:66,2
DA:67,2
DA:68,0
DA:71,0
DA:72,0
DA:77,2
LF:33
LH:19
BRDA:24,0,0,2
BRDA:24,0,1,0
BRDA:32,1,0,0
BRDA:32,1,1,2
BRDA:52,2,0,0
BRDA:52,2,1,0
BRDA:67,3,0,0
BRDA:67,3,1,2
BRDA:68,4,0,0
BRDA:68,4,1,0
BRDA:68,5,0,0
BRDA:68,5,1,0
BRF:12
BRH:3
end_of_record
TN:
SF:src/loaders/error.ts
FN:3,(anonymous_0)
FNF:1
FNH:0
FNDA:0,(anonymous_0)
DA:1,0
DA:3,0
DA:4,0
DA:5,0
DA:6,0
DA:8,0
DA:9,0
DA:10,0
DA:12,0
DA:13,0
DA:14,0
DA:16,0
DA:20,0
LF:13
LH:0
BRDA:4,0,0,0
BRDA:4,0,1,0
BRDA:5,1,0,0
BRDA:5,1,1,0
BRDA:7,2,0,0
BRDA:7,2,1,0
BRDA:7,2,2,0
BRF:7
BRH:0
end_of_record
TN:
SF:src/loaders/index.ts
FN:2,(anonymous_0)
FN:3,(anonymous_1)
FN:4,(anonymous_2)
FN:5,(anonymous_3)
FN:6,(anonymous_4)
FNF:5
FNH:0
FNDA:0,(anonymous_0)
FNDA:0,(anonymous_1)
FNDA:0,(anonymous_2)
FNDA:0,(anonymous_3)
FNDA:0,(anonymous_4)
DA:1,0
DA:2,0
DA:3,0
DA:4,0
DA:5,0
DA:6,0
LF:6
LH:0
BRF:0
BRH:0
end_of_record
TN:
SF:src/loaders/log.loader.ts
FN:11,(anonymous_0)
FN:30,(anonymous_1)
FNF:2
FNH:0
FNDA:0,(anonymous_0)
FNDA:0,(anonymous_1)
DA:1,0
DA:3,0
DA:11,0
DA:12,0
DA:13,0
DA:14,0
DA:17,0
DA:25,0
DA:27,0
DA:30,0
DA:33,0
DA:42,0
DA:49,0
DA:51,0
LF:14
LH:0
BRDA:12,0,0,0
BRDA:12,0,1,0
BRDA:14,1,0,0
BRDA:14,1,1,0
BRF:4
BRH:0
end_of_record
TN:
SF:src/loaders/middleware.ts
FN:4,(anonymous_0)
FN:5,(anonymous_1)
FNF:2
FNH:0
FNDA:0,(anonymous_0)
FNDA:0,(anonymous_1)
DA:1,0
DA:4,0
DA:5,0
LF:3
LH:0
BRF:0
BRH:0
end_of_record
TN:
SF:src/loaders/mongodb.connect.ts
FN:6,(anonymous_0)
FNF:1
FNH:0
FNDA:0,(anonymous_0)
DA:1,0
DA:2,0
DA:3,0
DA:6,0
DA:7,0
DA:8,0
DA:14,0
DA:15,0
DA:16,0
DA:18,0
LF:10
LH:0
BRF:0
BRH:0
end_of_record
TN:
SF:src/loaders/morgan.loader.ts
FN:7,(anonymous_0)
FN:10,(anonymous_1)
FNF:2
FNH:0
FNDA:0,(anonymous_0)
FNDA:0,(anonymous_1)
DA:1,0
DA:4,0
DA:6,0
DA:7,0
DA:10,0
DA:11,0
DA:12,0
DA:15,0
LF:8
LH:0
BRDA:11,0,0,0
BRDA:11,0,1,0
BRDA:12,1,0,0
BRDA:12,1,1,0
BRF:4
BRH:0
end_of_record
TN:
SF:src/loaders/redis.loader.ts
FN:14,(anonymous_0)
FN:18,(anonymous_1)
FN:25,(anonymous_2)
FN:26,(anonymous_3)
FN:29,(anonymous_4)
FN:32,(anonymous_5)
FN:39,(anonymous_6)
FN:42,(anonymous_7)
FN:45,(anonymous_8)
FN:48,(anonymous_9)
FN:54,(anonymous_10)
FN:55,(anonymous_11)
FN:56,(anonymous_12)
FN:62,(anonymous_13)
FN:63,(anonymous_14)
FN:64,(anonymous_15)
FN:75,(anonymous_16)
FN:76,(anonymous_17)
FN:77,(anonymous_18)
FNF:19
FNH:0
FNDA:0,(anonymous_0)
FNDA:0,(anonymous_1)
FNDA:0,(anonymous_2)
FNDA:0,(anonymous_3)
FNDA:0,(anonymous_4)
FNDA:0,(anonymous_5)
FNDA:0,(anonymous_6)
FNDA:0,(anonymous_7)
FNDA:0,(anonymous_8)
FNDA:0,(anonymous_9)
FNDA:0,(anonymous_10)
FNDA:0,(anonymous_11)
FNDA:0,(anonymous_12)
FNDA:0,(anonymous_13)
FNDA:0,(anonymous_14)
FNDA:0,(anonymous_15)
FNDA:0,(anonymous_16)
FNDA:0,(anonymous_17)
FNDA:0,(anonymous_18)
DA:2,0
DA:5,0
DA:15,0
DA:19,0
DA:20,0
DA:22,0
DA:26,0
DA:27,0
DA:28,0
DA:29,0
DA:30,0
DA:32,0
DA:33,0
DA:34,0
DA:35,0
DA:37,0
DA:39,0
DA:40,0
DA:42,0
DA:43,0
DA:45,0
DA:46,0
DA:48,0
DA:49,0
DA:55,0
DA:56,0
DA:57,0
DA:63,0
DA:64,0
DA:65,0
DA:66,0
DA:67,0
DA:69,0
DA:70,0
DA:76,0
DA:77,0
DA:78,0
DA:79,0
DA:81,0
DA:82,0
DA:88,0
LF:41
LH:0
BRDA:5,0,0,0
BRDA:5,0,1,0
BRDA:19,1,0,0
BRDA:19,1,1,0
BRDA:33,2,0,0
BRDA:33,2,1,0
BRDA:66,3,0,0
BRDA:66,3,1,0
BRDA:69,4,0,0
BRDA:69,4,1,0
BRDA:69,5,0,0
BRDA:69,5,1,0
BRDA:78,6,0,0
BRDA:78,6,1,0
BRDA:79,7,0,0
BRDA:79,7,1,0
BRDA:81,8,0,0
BRDA:81,8,1,0
BRDA:81,9,0,0
BRDA:81,9,1,0
BRF:20
BRH:0
end_of_record
TN:
SF:src/loaders/router.ts
FN:6,(anonymous_0)
FN:7,(anonymous_1)
FNF:2
FNH:0
FNDA:0,(anonymous_0)
FNDA:0,(anonymous_1)
DA:2,0
DA:4,0
DA:6,0
DA:7,0
DA:8,0
LF:5
LH:0
BRF:0
BRH:0
end_of_record
TN:
SF:src/middleware/error.middleware.ts
FN:4,(anonymous_0)
FNF:1
FNH:1
FNDA:1,(anonymous_0)
DA:4,1
DA:11,1
DA:12,1
DA:17,0
DA:19,1
DA:20,1
DA:21,1
LF:7
LH:6
BRDA:11,0,0,1
BRDA:11,0,1,1
BRDA:12,1,0,0
BRDA:12,1,1,1
BRDA:13,2,0,1
BRDA:13,2,1,1
BRDA:13,2,2,1
BRDA:19,3,0,1
BRDA:19,3,1,1
BRF:9
BRH:8
end_of_record
TN:
SF:src/middleware/index.ts
FN:1,(anonymous_0)
FNF:1
FNH:1
FNDA:1,(anonymous_0)
DA:1,2
LF:1
LH:1
BRF:0
BRH:0
end_of_record
TN:
SF:src/repositories/aggregate.repository.ts
FN:30,(anonymous_0)
FN:62,(anonymous_1)
FNF:2
FNH:2
FNDA:15,(anonymous_0)
FNDA:14,(anonymous_1)
DA:4,1
DA:30,1
DA:48,15
DA:60,15
DA:61,15
DA:62,14
DA:63,14
DA:71,15
DA:75,15
DA:76,4
DA:81,15
DA:82,2
DA:86,15
DA:87,13
DA:92,15
DA:93,14
DA:98,14
DA:104,14
DA:108,14
DA:118,15
LF:20
LH:20
BRDA:49,0,0,1
BRDA:49,0,1,14
BRDA:60,1,0,1
BRDA:60,1,1,14
BRDA:60,2,0,15
BRDA:60,2,1,15
BRDA:61,3,0,14
BRDA:61,3,1,1
BRDA:75,4,0,4
BRDA:75,4,1,11
BRDA:81,5,0,2
BRDA:81,5,1,13
BRDA:86,6,0,13
BRDA:86,6,1,2
BRDA:92,7,0,14
BRDA:92,7,1,1
BRDA:92,8,0,15
BRDA:92,8,1,14
BRDA:105,9,0,14
BRDA:105,9,1,10
BRDA:110,10,0,14
BRDA:110,10,1,1
BRF:22
BRH:22
end_of_record
TN:
SF:src/repositories/common.repository.ts
FN:5,(anonymous_0)
FN:13,(anonymous_1)
FNF:2
FNH:1
FNDA:0,(anonymous_0)
FNDA:1,(anonymous_1)
DA:5,1
DA:10,0
DA:13,1
DA:17,1
DA:18,1
LF:5
LH:4
BRF:0
BRH:0
end_of_record
TN:
SF:src/router/client.route.ts
FNF:0
FNH:0
DA:1,0
DA:2,0
DA:3,0
DA:4,0
DA:5,0
DA:7,0
DA:9,0
DA:11,0
DA:13,0
LF:9
LH:0
BRF:0
BRH:0
end_of_record
TN:
SF:src/router/health.route.ts
FNF:0
FNH:0
DA:1,0
DA:2,0
DA:3,0
DA:5,0
DA:7,0
LF:5
LH:0
BRF:0
BRH:0
end_of_record
TN:
SF:src/router/index.ts
FN:1,(anonymous_0)
FN:2,(anonymous_1)
FN:3,(anonymous_2)
FN:4,(anonymous_3)
FN:5,(anonymous_4)
FN:6,(anonymous_5)
FNF:6
FNH:0
FNDA:0,(anonymous_0)
FNDA:0,(anonymous_1)
FNDA:0,(anonymous_2)
FNDA:0,(anonymous_3)
FNDA:0,(anonymous_4)
FNDA:0,(anonymous_5)
DA:1,0
DA:2,0
DA:3,0
DA:4,0
DA:5,0
DA:6,0
LF:6
LH:0
BRF:0
BRH:0
end_of_record
TN:
SF:src/router/notes.route.ts
FNF:0
FNH:0
DA:1,0
DA:2,0
DA:3,0
DA:5,0
DA:7,0
DA:9,0
LF:6
LH:0
BRF:0
BRH:0
end_of_record
TN:
SF:src/router/projects.route.ts
FNF:0
FNH:0
DA:1,0
DA:2,0
DA:3,0
DA:5,0
DA:7,0
DA:9,0
LF:6
LH:0
BRF:0
BRH:0
end_of_record
TN:
SF:src/router/test.route.ts
FNF:0
FNH:0
DA:1,0
DA:2,0
DA:4,0
DA:6,0
DA:8,0
DA:10,0
LF:6
LH:0
BRF:0
BRH:0
end_of_record
TN:
SF:src/router/testSystem.route.ts
FNF:0
FNH:0
DA:1,0
DA:2,0
DA:3,0
DA:5,0
DA:7,0
DA:9,0
LF:6
LH:0
BRF:0
BRH:0
end_of_record
TN:
SF:src/seeds/brand.seed.ts
FN:6,(anonymous_0)
FN:16,(anonymous_1)
FN:31,(anonymous_2)
FN:33,(anonymous_3)
FNF:4
FNH:0
FNDA:0,(anonymous_0)
FNDA:0,(anonymous_1)
FNDA:0,(anonymous_2)
FNDA:0,(anonymous_3)
DA:1,0
DA:3,0
DA:4,0
DA:6,0
DA:7,0
DA:8,0
DA:9,0
DA:10,0
DA:13,0
DA:14,0
DA:15,0
DA:31,0
DA:32,0
DA:33,0
DA:35,0
DA:36,0
DA:38,0
DA:39,0
DA:41,0
DA:42,0
DA:44,0
DA:45,0
DA:47,0
DA:48,0
DA:50,0
DA:51,0
DA:53,0
DA:56,0
DA:57,0
DA:58,0
LF:30
LH:0
BRDA:32,0,0,0
BRDA:32,0,1,0
BRDA:37,1,0,0
BRDA:37,1,1,0
BRDA:37,1,2,0
BRDA:37,1,3,0
BRF:6
BRH:0
end_of_record
TN:
SF:src/seeds/index.ts
FN:5,(anonymous_0)
FNF:1
FNH:0
FNDA:0,(anonymous_0)
DA:1,0
DA:2,0
DA:3,0
DA:4,0
DA:5,0
DA:6,0
DA:7,0
DA:8,0
DA:10,0
DA:12,0
DA:13,0
DA:14,0
LF:12
LH:0
BRF:0
BRH:0
end_of_record
TN:
SF:src/seeds/test.seed.ts
FN:59,(anonymous_0)
FN:61,(anonymous_1)
FN:63,(anonymous_2)
FN:64,(anonymous_3)
FN:70,(anonymous_4)
FN:113,(anonymous_5)
FN:121,(anonymous_6)
FN:127,(anonymous_7)
FN:139,(anonymous_8)
FN:146,(anonymous_9)
FN:151,(anonymous_10)
FN:154,(anonymous_11)
FN:157,(anonymous_12)
FN:165,(anonymous_13)
FN:171,(anonymous_14)
FN:174,(anonymous_15)
FN:181,(anonymous_16)
FN:189,(anonymous_17)
FN:192,(anonymous_18)
FN:195,(anonymous_19)
FNF:20
FNH:0
FNDA:0,(anonymous_0)
FNDA:0,(anonymous_1)
FNDA:0,(anonymous_2)
FNDA:0,(anonymous_3)
FNDA:0,(anonymous_4)
FNDA:0,(anonymous_5)
FNDA:0,(anonymous_6)
FNDA:0,(anonymous_7)
FNDA:0,(anonymous_8)
FNDA:0,(anonymous_9)
FNDA:0,(anonymous_10)
FNDA:0,(anonymous_11)
FNDA:0,(anonymous_12)
FNDA:0,(anonymous_13)
FNDA:0,(anonymous_14)
FNDA:0,(anonymous_15)
FNDA:0,(anonymous_16)
FNDA:0,(anonymous_17)
FNDA:0,(anonymous_18)
FNDA:0,(anonymous_19)
DA:1,0
DA:3,0
DA:5,0
DA:59,0
DA:61,0
DA:63,0
DA:64,0
DA:65,0
DA:66,0
DA:67,0
DA:68,0
DA:70,0
DA:113,0
DA:121,0
DA:127,0
DA:128,0
DA:129,0
DA:130,0
DA:139,0
DA:146,0
DA:149,0
DA:152,0
DA:154,0
DA:155,0
DA:157,0
DA:158,0
DA:159,0
DA:164,0
DA:166,0
DA:170,0
DA:172,0
DA:174,0
DA:175,0
DA:176,0
DA:180,0
DA:182,0
DA:183,0
DA:184,0
DA:188,0
DA:190,0
DA:191,0
DA:192,0
DA:193,0
DA:196,0
DA:198,0
DA:200,0
DA:202,0
LF:47
LH:0
BRDA:191,0,0,0
BRDA:191,0,1,0
BRF:2
BRH:0
end_of_record
TN:
SF:src/services/test.service.ts
FN:5,(anonymous_0)
FN:57,(anonymous_1)
FNF:2
FNH:0
FNDA:0,(anonymous_0)
FNDA:0,(anonymous_1)
DA:2,0
DA:3,0
DA:5,0
DA:14,0
DA:15,0
DA:16,0
DA:17,0
DA:52,0
DA:54,0
DA:57,0
DA:66,0
DA:67,0
LF:12
LH:0
BRDA:15,0,0,0
BRDA:15,0,1,0
BRF:2
BRH:0
end_of_record
TN:
SF:src/utils/controllers.utils.ts
FN:4,(anonymous_0)
FNF:1
FNH:0
FNDA:0,(anonymous_0)
DA:4,0
DA:5,0
DA:6,0
LF:3
LH:0
BRDA:5,0,0,0
BRDA:5,1,0,0
BRF:2
BRH:0
end_of_record
TN:
SF:src/utils/index.ts
FNF:0
FNH:0
DA:1,0
LF:1
LH:0
BRF:0
BRH:0
end_of_record
TN:
SF:src/validations/client.validation.ts
FNF:0
FNH:0
DA:1,0
DA:3,0
LF:2
LH:0
BRF:0
BRH:0
end_of_record
